<?xml version="1.0" ?>
<coverage branch-rate="0" branches-covered="0" branches-valid="0" complexity="0" line-rate="0.2272" lines-covered="4847" lines-valid="21335" timestamp="1562228105138" version="4.5.3">
	<!-- Generated by coverage.py: https://coverage.readthedocs.io -->
	<!-- Based on https://raw.githubusercontent.com/cobertura/web/master/htdocs/xml/coverage-04.dtd -->
	<sources/>
	<packages>
		<package branch-rate="0" complexity="0" line-rate="0.3632" name=".home.hecc..virtualenvs.vasp.lib.python3.7.site-packages.numpy">
			<classes>
				<class branch-rate="0" complexity="0" filename="/home/hecc/.virtualenvs/vasp/lib/python3.7/site-packages/numpy/__config__.py" line-rate="0.5" name="__config__.py">
					<methods/>
					<lines>
						<line hits="1" number="3"/>
						<line hits="1" number="7"/>
						<line hits="1" number="8"/>
						<line hits="1" number="10"/>
						<line hits="1" number="12"/>
						<line hits="0" number="13"/>
						<line hits="0" number="14"/>
						<line hits="1" number="16"/>
						<line hits="1" number="17"/>
						<line hits="1" number="18"/>
						<line hits="1" number="19"/>
						<line hits="1" number="20"/>
						<line hits="1" number="21"/>
						<line hits="1" number="22"/>
						<line hits="1" number="24"/>
						<line hits="0" number="25"/>
						<line hits="0" number="26"/>
						<line hits="1" number="28"/>
						<line hits="0" number="29"/>
						<line hits="0" number="30"/>
						<line hits="0" number="31"/>
						<line hits="0" number="32"/>
						<line hits="0" number="33"/>
						<line hits="0" number="34"/>
						<line hits="0" number="35"/>
						<line hits="0" number="36"/>
						<line hits="0" number="37"/>
						<line hits="0" number="38"/>
					</lines>
				</class>
				<class branch-rate="0" complexity="0" filename="/home/hecc/.virtualenvs/vasp/lib/python3.7/site-packages/numpy/__init__.py" line-rate="0.8594" name="__init__.py">
					<methods/>
					<lines>
						<line hits="1" number="107"/>
						<line hits="1" number="109"/>
						<line hits="1" number="110"/>
						<line hits="1" number="112"/>
						<line hits="1" number="113"/>
						<line hits="1" number="117"/>
						<line hits="1" number="118"/>
						<line hits="1" number="119"/>
						<line hits="1" number="120"/>
						<line hits="1" number="122"/>
						<line hits="0" number="123"/>
						<line hits="1" number="125"/>
						<line hits="1" number="126"/>
						<line hits="0" number="127"/>
						<line hits="0" number="128"/>
						<line hits="0" number="131"/>
						<line hits="1" number="133"/>
						<line hits="1" number="134"/>
						<line hits="1" number="136"/>
						<line hits="1" number="140"/>
						<line hits="1" number="142"/>
						<line hits="1" number="143"/>
						<line hits="1" number="144"/>
						<line hits="1" number="145"/>
						<line hits="1" number="146"/>
						<line hits="1" number="147"/>
						<line hits="1" number="148"/>
						<line hits="1" number="149"/>
						<line hits="1" number="150"/>
						<line hits="1" number="151"/>
						<line hits="1" number="152"/>
						<line hits="1" number="153"/>
						<line hits="1" number="154"/>
						<line hits="1" number="155"/>
						<line hits="1" number="159"/>
						<line hits="1" number="160"/>
						<line hits="1" number="161"/>
						<line hits="0" number="163"/>
						<line hits="1" number="165"/>
						<line hits="1" number="167"/>
						<line hits="1" number="169"/>
						<line hits="1" number="170"/>
						<line hits="1" number="171"/>
						<line hits="1" number="172"/>
						<line hits="1" number="173"/>
						<line hits="1" number="176"/>
						<line hits="1" number="177"/>
						<line hits="1" number="178"/>
						<line hits="1" number="182"/>
						<line hits="1" number="183"/>
						<line hits="1" number="187"/>
						<line hits="1" number="190"/>
						<line hits="1" number="191"/>
						<line hits="1" number="192"/>
						<line hits="1" number="195"/>
						<line hits="1" number="206"/>
						<line hits="1" number="207"/>
						<line hits="1" number="208"/>
						<line hits="0" number="209"/>
						<line hits="0" number="210"/>
						<line hits="0" number="211"/>
						<line hits="0" number="216"/>
						<line hits="1" number="218"/>
						<line hits="1" number="219"/>
					</lines>
				</class>
				<class branch-rate="0" complexity="0" filename="/home/hecc/.virtualenvs/vasp/lib/python3.7/site-packages/numpy/_distributor_init.py" line-rate="1" name="_distributor_init.py">
					<methods/>
					<lines/>
				</class>
				<class branch-rate="0" complexity="0" filename="/home/hecc/.virtualenvs/vasp/lib/python3.7/site-packages/numpy/_globals.py" line-rate="0.9" name="_globals.py">
					<methods/>
					<lines>
						<line hits="1" number="18"/>
						<line hits="1" number="20"/>
						<line hits="1" number="27"/>
						<line hits="0" number="28"/>
						<line hits="1" number="29"/>
						<line hits="1" number="32"/>
						<line hits="1" number="43"/>
						<line hits="1" number="46"/>
						<line hits="1" number="56"/>
						<line hits="1" number="59"/>
						<line hits="1" number="66"/>
						<line hits="1" number="67"/>
						<line hits="1" number="69"/>
						<line hits="1" number="70"/>
						<line hits="1" number="71"/>
						<line hits="1" number="74"/>
						<line hits="0" number="75"/>
						<line hits="1" number="77"/>
						<line hits="1" number="78"/>
						<line hits="1" number="81"/>
					</lines>
				</class>
				<class branch-rate="0" complexity="0" filename="/home/hecc/.virtualenvs/vasp/lib/python3.7/site-packages/numpy/_pytesttester.py" line-rate="0.1875" name="_pytesttester.py">
					<methods/>
					<lines>
						<line hits="1" number="30"/>
						<line hits="1" number="32"/>
						<line hits="1" number="33"/>
						<line hits="1" number="35"/>
						<line hits="1" number="39"/>
						<line hits="0" number="40"/>
						<line hits="0" number="42"/>
						<line hits="0" number="43"/>
						<line hits="0" number="44"/>
						<line hits="1" number="47"/>
						<line hits="1" number="72"/>
						<line hits="1" number="73"/>
						<line hits="1" number="75"/>
						<line hits="0" number="122"/>
						<line hits="0" number="123"/>
						<line hits="0" number="132"/>
						<line hits="0" number="133"/>
						<line hits="0" number="136"/>
						<line hits="0" number="139"/>
						<line hits="0" number="144"/>
						<line hits="0" number="145"/>
						<line hits="0" number="146"/>
						<line hits="0" number="150"/>
						<line hits="0" number="158"/>
						<line hits="0" number="163"/>
						<line hits="0" number="175"/>
						<line hits="0" number="176"/>
						<line hits="0" number="178"/>
						<line hits="0" number="179"/>
						<line hits="0" number="181"/>
						<line hits="0" number="182"/>
						<line hits="0" number="184"/>
						<line hits="0" number="185"/>
						<line hits="0" number="187"/>
						<line hits="0" number="188"/>
						<line hits="0" number="189"/>
						<line hits="0" number="190"/>
						<line hits="0" number="192"/>
						<line hits="0" number="193"/>
						<line hits="0" number="195"/>
						<line hits="0" number="196"/>
						<line hits="0" number="198"/>
						<line hits="0" number="202"/>
						<line hits="0" number="204"/>
						<line hits="0" number="205"/>
						<line hits="0" number="206"/>
						<line hits="0" number="207"/>
						<line hits="0" number="209"/>
					</lines>
				</class>
				<class branch-rate="0" complexity="0" filename="/home/hecc/.virtualenvs/vasp/lib/python3.7/site-packages/numpy/ctypeslib.py" line-rate="0.169" name="ctypeslib.py">
					<methods/>
					<lines>
						<line hits="1" number="52"/>
						<line hits="1" number="54"/>
						<line hits="1" number="57"/>
						<line hits="1" number="58"/>
						<line hits="1" number="61"/>
						<line hits="1" number="63"/>
						<line hits="1" number="64"/>
						<line hits="0" number="65"/>
						<line hits="0" number="66"/>
						<line hits="1" number="68"/>
						<line hits="0" number="69"/>
						<line hits="0" number="79"/>
						<line hits="0" number="80"/>
						<line hits="0" number="81"/>
						<line hits="0" number="82"/>
						<line hits="0" number="83"/>
						<line hits="0" number="84"/>
						<line hits="0" number="85"/>
						<line hits="1" number="87"/>
						<line hits="1" number="88"/>
						<line hits="1" number="89"/>
						<line hits="1" number="90"/>
						<line hits="1" number="93"/>
						<line hits="0" number="121"/>
						<line hits="0" number="122"/>
						<line hits="0" number="123"/>
						<line hits="0" number="126"/>
						<line hits="0" number="127"/>
						<line hits="0" number="131"/>
						<line hits="0" number="132"/>
						<line hits="0" number="133"/>
						<line hits="0" number="136"/>
						<line hits="0" number="137"/>
						<line hits="0" number="138"/>
						<line hits="0" number="140"/>
						<line hits="0" number="142"/>
						<line hits="0" number="143"/>
						<line hits="0" number="144"/>
						<line hits="0" number="146"/>
						<line hits="0" number="148"/>
						<line hits="0" number="149"/>
						<line hits="0" number="150"/>
						<line hits="0" number="151"/>
						<line hits="0" number="152"/>
						<line hits="0" number="153"/>
						<line hits="0" number="155"/>
						<line hits="0" number="157"/>
						<line hits="1" number="159"/>
						<line hits="1" number="162"/>
						<line hits="0" number="163"/>
						<line hits="0" number="164"/>
						<line hits="0" number="165"/>
						<line hits="0" number="166"/>
						<line hits="1" number="168"/>
						<line hits="1" number="170"/>
						<line hits="0" number="171"/>
						<line hits="0" number="172"/>
						<line hits="0" number="173"/>
						<line hits="0" number="174"/>
						<line hits="0" number="175"/>
						<line hits="0" number="176"/>
						<line hits="1" number="179"/>
						<line hits="1" number="180"/>
						<line hits="0" number="182"/>
						<line hits="0" number="183"/>
						<line hits="0" number="184"/>
						<line hits="0" number="186"/>
						<line hits="0" number="187"/>
						<line hits="0" number="189"/>
						<line hits="0" number="190"/>
						<line hits="0" number="192"/>
						<line hits="0" number="193"/>
						<line hits="0" number="195"/>
						<line hits="0" number="197"/>
						<line hits="1" number="200"/>
						<line hits="1" number="207"/>
						<line hits="0" number="213"/>
						<line hits="1" number="215"/>
						<line hits="0" number="222"/>
						<line hits="0" number="223"/>
						<line hits="0" number="224"/>
						<line hits="0" number="225"/>
						<line hits="1" number="230"/>
						<line hits="1" number="231"/>
						<line hits="0" number="285"/>
						<line hits="0" number="286"/>
						<line hits="0" number="289"/>
						<line hits="0" number="290"/>
						<line hits="0" number="291"/>
						<line hits="0" number="292"/>
						<line hits="0" number="293"/>
						<line hits="0" number="294"/>
						<line hits="0" number="295"/>
						<line hits="0" number="296"/>
						<line hits="0" number="297"/>
						<line hits="0" number="298"/>
						<line hits="0" number="299"/>
						<line hits="0" number="300"/>
						<line hits="0" number="301"/>
						<line hits="0" number="302"/>
						<line hits="0" number="303"/>
						<line hits="0" number="304"/>
						<line hits="0" number="307"/>
						<line hits="0" number="308"/>
						<line hits="0" number="309"/>
						<line hits="0" number="310"/>
						<line hits="0" number="312"/>
						<line hits="0" number="314"/>
						<line hits="0" number="316"/>
						<line hits="0" number="317"/>
						<line hits="0" number="318"/>
						<line hits="0" number="319"/>
						<line hits="0" number="322"/>
						<line hits="0" number="323"/>
						<line hits="0" number="324"/>
						<line hits="0" number="325"/>
						<line hits="0" number="327"/>
						<line hits="0" number="328"/>
						<line hits="0" number="329"/>
						<line hits="0" number="330"/>
						<line hits="0" number="331"/>
						<line hits="0" number="332"/>
						<line hits="0" number="333"/>
						<line hits="0" number="335"/>
						<line hits="0" number="336"/>
						<line hits="0" number="338"/>
						<line hits="0" number="340"/>
						<line hits="0" number="345"/>
						<line hits="0" number="346"/>
						<line hits="1" number="349"/>
						<line hits="1" number="350"/>
						<line hits="0" number="352"/>
						<line hits="0" number="353"/>
						<line hits="0" number="355"/>
						<line hits="0" number="356"/>
						<line hits="1" number="359"/>
						<line hits="1" number="363"/>
						<line hits="1" number="364"/>
						<line hits="1" number="370"/>
						<line hits="1" number="373"/>
						<line hits="1" number="376"/>
						<line hits="0" number="378"/>
						<line hits="0" number="379"/>
						<line hits="0" number="380"/>
						<line hits="0" number="381"/>
						<line hits="0" number="382"/>
						<line hits="0" number="383"/>
						<line hits="0" number="387"/>
						<line hits="0" number="388"/>
						<line hits="0" number="389"/>
						<line hits="0" number="390"/>
						<line hits="0" number="392"/>
						<line hits="1" number="395"/>
						<line hits="0" number="396"/>
						<line hits="0" number="397"/>
						<line hits="0" number="398"/>
						<line hits="1" number="401"/>
						<line hits="0" number="403"/>
						<line hits="0" number="404"/>
						<line hits="0" number="405"/>
						<line hits="0" number="406"/>
						<line hits="0" number="409"/>
						<line hits="0" number="411"/>
						<line hits="0" number="413"/>
						<line hits="0" number="414"/>
						<line hits="0" number="415"/>
						<line hits="0" number="416"/>
						<line hits="0" number="417"/>
						<line hits="0" number="420"/>
						<line hits="0" number="421"/>
						<line hits="0" number="424"/>
						<line hits="0" number="430"/>
						<line hits="0" number="431"/>
						<line hits="0" number="432"/>
						<line hits="0" number="433"/>
						<line hits="0" number="434"/>
						<line hits="0" number="435"/>
						<line hits="0" number="436"/>
						<line hits="0" number="437"/>
						<line hits="0" number="439"/>
						<line hits="0" number="440"/>
						<line hits="0" number="443"/>
						<line hits="0" number="444"/>
						<line hits="0" number="445"/>
						<line hits="0" number="448"/>
						<line hits="1" number="455"/>
						<line hits="0" number="456"/>
						<line hits="0" number="457"/>
						<line hits="0" number="458"/>
						<line hits="0" number="459"/>
						<line hits="0" number="461"/>
						<line hits="1" number="464"/>
						<line hits="0" number="502"/>
						<line hits="0" number="505"/>
						<line hits="0" number="514"/>
						<line hits="0" number="516"/>
						<line hits="0" number="517"/>
						<line hits="0" number="520"/>
						<line hits="0" number="521"/>
						<line hits="0" number="523"/>
						<line hits="0" number="526"/>
						<line hits="0" number="529"/>
						<line hits="0" number="530"/>
						<line hits="0" number="531"/>
						<line hits="0" number="532"/>
						<line hits="0" number="533"/>
						<line hits="0" number="534"/>
						<line hits="0" number="535"/>
						<line hits="0" number="536"/>
						<line hits="0" number="538"/>
						<line hits="0" number="539"/>
						<line hits="0" number="540"/>
						<line hits="0" number="541"/>
					</lines>
				</class>
				<class branch-rate="0" complexity="0" filename="/home/hecc/.virtualenvs/vasp/lib/python3.7/site-packages/numpy/version.py" line-rate="0.8571" name="version.py">
					<methods/>
					<lines>
						<line hits="1" number="5"/>
						<line hits="1" number="6"/>
						<line hits="1" number="7"/>
						<line hits="1" number="8"/>
						<line hits="1" number="9"/>
						<line hits="1" number="11"/>
						<line hits="0" number="12"/>
					</lines>
				</class>
			</classes>
		</package>
		<package branch-rate="0" complexity="0" line-rate="0.4922" name=".home.hecc..virtualenvs.vasp.lib.python3.7.site-packages.numpy.compat">
			<classes>
				<class branch-rate="0" complexity="0" filename="/home/hecc/.virtualenvs/vasp/lib/python3.7/site-packages/numpy/compat/__init__.py" line-rate="1" name="__init__.py">
					<methods/>
					<lines>
						<line hits="1" number="11"/>
						<line hits="1" number="13"/>
						<line hits="1" number="14"/>
						<line hits="1" number="15"/>
						<line hits="1" number="16"/>
						<line hits="1" number="18"/>
						<line hits="1" number="19"/>
						<line hits="1" number="20"/>
					</lines>
				</class>
				<class branch-rate="0" complexity="0" filename="/home/hecc/.virtualenvs/vasp/lib/python3.7/site-packages/numpy/compat/_inspect.py" line-rate="0.75" name="_inspect.py">
					<methods/>
					<lines>
						<line hits="1" number="8"/>
						<line hits="1" number="10"/>
						<line hits="1" number="12"/>
						<line hits="1" number="15"/>
						<line hits="1" number="26"/>
						<line hits="1" number="28"/>
						<line hits="1" number="41"/>
						<line hits="1" number="43"/>
						<line hits="1" number="61"/>
						<line hits="1" number="65"/>
						<line hits="1" number="67"/>
						<line hits="1" number="76"/>
						<line hits="0" number="77"/>
						<line hits="1" number="79"/>
						<line hits="1" number="80"/>
						<line hits="1" number="81"/>
						<line hits="1" number="86"/>
						<line hits="1" number="87"/>
						<line hits="0" number="88"/>
						<line hits="1" number="89"/>
						<line hits="1" number="90"/>
						<line hits="1" number="91"/>
						<line hits="1" number="92"/>
						<line hits="1" number="93"/>
						<line hits="1" number="94"/>
						<line hits="1" number="95"/>
						<line hits="1" number="96"/>
						<line hits="1" number="98"/>
						<line hits="1" number="108"/>
						<line hits="0" number="109"/>
						<line hits="1" number="110"/>
						<line hits="1" number="111"/>
						<line hits="1" number="112"/>
						<line hits="1" number="113"/>
						<line hits="1" number="115"/>
						<line hits="0" number="124"/>
						<line hits="0" number="125"/>
						<line hits="1" number="127"/>
						<line hits="0" number="128"/>
						<line hits="0" number="129"/>
						<line hits="0" number="131"/>
						<line hits="1" number="133"/>
						<line hits="1" number="137"/>
						<line hits="0" number="138"/>
						<line hits="1" number="140"/>
						<line hits="1" number="142"/>
						<line hits="1" number="156"/>
						<line hits="1" number="157"/>
						<line hits="1" number="158"/>
						<line hits="1" number="159"/>
						<line hits="1" number="160"/>
						<line hits="1" number="161"/>
						<line hits="1" number="162"/>
						<line hits="1" number="163"/>
						<line hits="1" number="164"/>
						<line hits="1" number="165"/>
						<line hits="1" number="166"/>
						<line hits="1" number="167"/>
						<line hits="1" number="168"/>
						<line hits="1" number="170"/>
						<line hits="0" number="184"/>
						<line hits="0" number="186"/>
						<line hits="0" number="187"/>
						<line hits="0" number="189"/>
						<line hits="0" number="190"/>
						<line hits="0" number="191"/>
						<line hits="0" number="192"/>
						<line hits="0" number="193"/>
					</lines>
				</class>
				<class branch-rate="0" complexity="0" filename="/home/hecc/.virtualenvs/vasp/lib/python3.7/site-packages/numpy/compat/py3k.py" line-rate="0.3077" name="py3k.py">
					<methods/>
					<lines>
						<line hits="1" number="5"/>
						<line hits="1" number="7"/>
						<line hits="1" number="13"/>
						<line hits="1" number="14"/>
						<line hits="1" number="15"/>
						<line hits="0" number="16"/>
						<line hits="0" number="17"/>
						<line hits="1" number="19"/>
						<line hits="1" number="20"/>
						<line hits="1" number="22"/>
						<line hits="1" number="23"/>
						<line hits="1" number="24"/>
						<line hits="1" number="25"/>
						<line hits="1" number="26"/>
						<line hits="1" number="28"/>
						<line hits="0" number="29"/>
						<line hits="0" number="30"/>
						<line hits="0" number="31"/>
						<line hits="1" number="33"/>
						<line hits="0" number="34"/>
						<line hits="0" number="35"/>
						<line hits="0" number="36"/>
						<line hits="1" number="38"/>
						<line hits="0" number="39"/>
						<line hits="0" number="40"/>
						<line hits="0" number="41"/>
						<line hits="1" number="43"/>
						<line hits="0" number="44"/>
						<line hits="1" number="46"/>
						<line hits="0" number="47"/>
						<line hits="1" number="49"/>
						<line hits="0" number="50"/>
						<line hits="1" number="52"/>
						<line hits="0" number="56"/>
						<line hits="0" number="57"/>
						<line hits="0" number="58"/>
						<line hits="0" number="59"/>
						<line hits="0" number="60"/>
						<line hits="0" number="61"/>
						<line hits="0" number="62"/>
						<line hits="0" number="63"/>
						<line hits="0" number="65"/>
						<line hits="0" number="66"/>
						<line hits="0" number="68"/>
						<line hits="0" number="69"/>
						<line hits="0" number="70"/>
						<line hits="0" number="71"/>
						<line hits="0" number="73"/>
						<line hits="0" number="74"/>
						<line hits="0" number="76"/>
						<line hits="0" number="77"/>
						<line hits="1" number="80"/>
						<line hits="0" number="81"/>
						<line hits="1" number="83"/>
						<line hits="0" number="84"/>
						<line hits="0" number="85"/>
						<line hits="0" number="87"/>
						<line hits="1" number="89"/>
						<line hits="0" number="90"/>
						<line hits="0" number="91"/>
						<line hits="0" number="93"/>
						<line hits="1" number="95"/>
						<line hits="0" number="101"/>
						<line hits="1" number="104"/>
						<line hits="1" number="115"/>
						<line hits="0" number="116"/>
						<line hits="1" number="118"/>
						<line hits="0" number="119"/>
						<line hits="1" number="121"/>
						<line hits="0" number="122"/>
						<line hits="1" number="125"/>
						<line hits="1" number="126"/>
						<line hits="0" number="146"/>
						<line hits="0" number="147"/>
						<line hits="0" number="149"/>
						<line hits="0" number="170"/>
						<line hits="0" number="171"/>
						<line hits="0" number="172"/>
						<line hits="0" number="173"/>
						<line hits="0" number="174"/>
						<line hits="0" number="176"/>
						<line hits="0" number="177"/>
						<line hits="0" number="178"/>
						<line hits="0" number="180"/>
						<line hits="0" number="181"/>
						<line hits="1" number="184"/>
						<line hits="1" number="185"/>
						<line hits="1" number="186"/>
						<line hits="0" number="188"/>
						<line hits="1" number="192"/>
						<line hits="1" number="193"/>
						<line hits="1" number="194"/>
						<line hits="1" number="195"/>
						<line hits="0" number="197"/>
						<line hits="0" number="198"/>
						<line hits="0" number="200"/>
						<line hits="0" number="203"/>
						<line hits="0" number="206"/>
						<line hits="0" number="208"/>
						<line hits="0" number="210"/>
						<line hits="0" number="211"/>
						<line hits="0" number="212"/>
						<line hits="0" number="215"/>
						<line hits="0" number="222"/>
						<line hits="0" number="223"/>
						<line hits="0" number="227"/>
						<line hits="0" number="228"/>
						<line hits="0" number="229"/>
						<line hits="0" number="230"/>
						<line hits="0" number="231"/>
						<line hits="0" number="232"/>
						<line hits="0" number="233"/>
						<line hits="0" number="234"/>
						<line hits="0" number="236"/>
						<line hits="0" number="238"/>
						<line hits="0" number="239"/>
						<line hits="0" number="241"/>
					</lines>
				</class>
			</classes>
		</package>
		<package branch-rate="0" complexity="0" line-rate="0.3493" name=".home.hecc..virtualenvs.vasp.lib.python3.7.site-packages.numpy.core">
			<classes>
				<class branch-rate="0" complexity="0" filename="/home/hecc/.virtualenvs/vasp/lib/python3.7/site-packages/numpy/core/__init__.py" line-rate="0.7368" name="__init__.py">
					<methods/>
					<lines>
						<line hits="1" number="1"/>
						<line hits="1" number="3"/>
						<line hits="1" number="4"/>
						<line hits="1" number="6"/>
						<line hits="1" number="11"/>
						<line hits="0" number="12"/>
						<line hits="0" number="13"/>
						<line hits="0" number="16"/>
						<line hits="0" number="18"/>
						<line hits="0" number="19"/>
						<line hits="0" number="20"/>
						<line hits="0" number="23"/>
						<line hits="0" number="24"/>
						<line hits="0" number="25"/>
						<line hits="0" number="26"/>
						<line hits="0" number="27"/>
						<line hits="1" number="33"/>
						<line hits="1" number="34"/>
						<line hits="1" number="35"/>
						<line hits="1" number="36"/>
						<line hits="1" number="37"/>
						<line hits="1" number="39"/>
						<line hits="1" number="40"/>
						<line hits="0" number="41"/>
						<line hits="0" number="42"/>
						<line hits="0" number="43"/>
						<line hits="0" number="71"/>
						<line hits="1" number="73"/>
						<line hits="1" number="74"/>
						<line hits="1" number="75"/>
						<line hits="1" number="76"/>
						<line hits="1" number="77"/>
						<line hits="1" number="79"/>
						<line hits="1" number="83"/>
						<line hits="0" number="85"/>
						<line hits="0" number="86"/>
						<line hits="0" number="87"/>
						<line hits="0" number="91"/>
						<line hits="1" number="93"/>
						<line hits="1" number="94"/>
						<line hits="1" number="95"/>
						<line hits="1" number="96"/>
						<line hits="1" number="97"/>
						<line hits="1" number="98"/>
						<line hits="1" number="99"/>
						<line hits="1" number="100"/>
						<line hits="1" number="101"/>
						<line hits="1" number="102"/>
						<line hits="1" number="103"/>
						<line hits="1" number="104"/>
						<line hits="1" number="105"/>
						<line hits="1" number="106"/>
						<line hits="1" number="107"/>
						<line hits="1" number="108"/>
						<line hits="1" number="109"/>
						<line hits="1" number="110"/>
						<line hits="1" number="111"/>
						<line hits="1" number="112"/>
						<line hits="1" number="113"/>
						<line hits="1" number="114"/>
						<line hits="1" number="116"/>
						<line hits="1" number="117"/>
						<line hits="1" number="121"/>
						<line hits="1" number="123"/>
						<line hits="1" number="124"/>
						<line hits="1" number="125"/>
						<line hits="1" number="126"/>
						<line hits="1" number="128"/>
						<line hits="1" number="129"/>
						<line hits="1" number="130"/>
						<line hits="1" number="131"/>
						<line hits="1" number="132"/>
						<line hits="1" number="133"/>
						<line hits="1" number="134"/>
						<line hits="1" number="135"/>
						<line hits="1" number="136"/>
						<line hits="1" number="137"/>
						<line hits="1" number="143"/>
						<line hits="0" number="148"/>
						<line hits="0" number="149"/>
						<line hits="1" number="151"/>
						<line hits="0" number="152"/>
						<line hits="0" number="153"/>
						<line hits="0" number="154"/>
						<line hits="1" number="157"/>
						<line hits="1" number="158"/>
						<line hits="1" number="159"/>
						<line hits="0" number="161"/>
						<line hits="1" number="163"/>
						<line hits="1" number="165"/>
						<line hits="1" number="166"/>
						<line hits="1" number="167"/>
						<line hits="1" number="169"/>
						<line hits="1" number="170"/>
						<line hits="1" number="171"/>
					</lines>
				</class>
				<class branch-rate="0" complexity="0" filename="/home/hecc/.virtualenvs/vasp/lib/python3.7/site-packages/numpy/core/_add_newdocs.py" line-rate="1" name="_add_newdocs.py">
					<methods/>
					<lines>
						<line hits="1" number="11"/>
						<line hits="1" number="13"/>
						<line hits="1" number="14"/>
						<line hits="1" number="15"/>
						<line hits="1" number="25"/>
						<line hits="1" number="70"/>
						<line hits="1" number="85"/>
						<line hits="1" number="104"/>
						<line hits="1" number="123"/>
						<line hits="1" number="129"/>
						<line hits="1" number="154"/>
						<line hits="1" number="420"/>
						<line hits="1" number="439"/>
						<line hits="1" number="446"/>
						<line hits="1" number="454"/>
						<line hits="1" number="464"/>
						<line hits="1" number="479"/>
						<line hits="1" number="488"/>
						<line hits="1" number="497"/>
						<line hits="1" number="505"/>
						<line hits="1" number="566"/>
						<line hits="1" number="586"/>
						<line hits="1" number="635"/>
						<line hits="1" number="653"/>
						<line hits="1" number="675"/>
						<line hits="1" number="691"/>
						<line hits="1" number="706"/>
						<line hits="1" number="720"/>
						<line hits="1" number="734"/>
						<line hits="1" number="748"/>
						<line hits="1" number="785"/>
						<line hits="1" number="899"/>
						<line hits="1" number="950"/>
						<line hits="1" number="964"/>
						<line hits="1" number="1017"/>
						<line hits="1" number="1025"/>
						<line hits="1" number="1075"/>
						<line hits="1" number="1112"/>
						<line hits="1" number="1146"/>
						<line hits="1" number="1221"/>
						<line hits="1" number="1264"/>
						<line hits="1" number="1267"/>
						<line hits="1" number="1270"/>
						<line hits="1" number="1331"/>
						<line hits="1" number="1338"/>
						<line hits="1" number="1346"/>
						<line hits="1" number="1354"/>
						<line hits="1" number="1404"/>
						<line hits="1" number="1464"/>
						<line hits="1" number="1482"/>
						<line hits="1" number="1516"/>
						<line hits="1" number="1835"/>
						<line hits="1" number="1964"/>
						<line hits="1" number="1968"/>
						<line hits="1" number="1972"/>
						<line hits="1" number="1976"/>
						<line hits="1" number="1980"/>
						<line hits="1" number="1987"/>
						<line hits="1" number="2008"/>
						<line hits="1" number="2082"/>
						<line hits="1" number="2086"/>
						<line hits="1" number="2115"/>
						<line hits="1" number="2130"/>
						<line hits="1" number="2146"/>
						<line hits="1" number="2223"/>
						<line hits="1" number="2265"/>
						<line hits="1" number="2285"/>
						<line hits="1" number="2301"/>
						<line hits="1" number="2320"/>
						<line hits="1" number="2361"/>
						<line hits="1" number="2387"/>
						<line hits="1" number="2449"/>
						<line hits="1" number="2479"/>
						<line hits="1" number="2489"/>
						<line hits="1" number="2495"/>
						<line hits="1" number="2501"/>
						<line hits="1" number="2511"/>
						<line hits="1" number="2519"/>
						<line hits="1" number="2527"/>
						<line hits="1" number="2548"/>
						<line hits="1" number="2563"/>
						<line hits="1" number="2578"/>
						<line hits="1" number="2593"/>
						<line hits="1" number="2608"/>
						<line hits="1" number="2623"/>
						<line hits="1" number="2640"/>
						<line hits="1" number="2709"/>
						<line hits="1" number="2749"/>
						<line hits="1" number="2764"/>
						<line hits="1" number="2780"/>
						<line hits="1" number="2795"/>
						<line hits="1" number="2810"/>
						<line hits="1" number="2825"/>
						<line hits="1" number="2868"/>
						<line hits="1" number="2883"/>
						<line hits="1" number="2898"/>
						<line hits="1" number="2915"/>
						<line hits="1" number="2944"/>
						<line hits="1" number="2958"/>
						<line hits="1" number="2972"/>
						<line hits="1" number="2997"/>
						<line hits="1" number="3035"/>
						<line hits="1" number="3077"/>
						<line hits="1" number="3135"/>
						<line hits="1" number="3181"/>
						<line hits="1" number="3196"/>
						<line hits="1" number="3211"/>
						<line hits="1" number="3226"/>
						<line hits="1" number="3268"/>
						<line hits="1" number="3307"/>
						<line hits="1" number="3349"/>
						<line hits="1" number="3364"/>
						<line hits="1" number="3379"/>
						<line hits="1" number="3394"/>
						<line hits="1" number="3408"/>
						<line hits="1" number="3441"/>
						<line hits="1" number="3484"/>
						<line hits="1" number="3501"/>
						<line hits="1" number="3516"/>
						<line hits="1" number="3538"/>
						<line hits="1" number="3630"/>
						<line hits="1" number="3645"/>
						<line hits="1" number="3660"/>
						<line hits="1" number="3711"/>
						<line hits="1" number="3788"/>
						<line hits="1" number="3844"/>
						<line hits="1" number="3899"/>
						<line hits="1" number="3914"/>
						<line hits="1" number="3929"/>
						<line hits="1" number="3944"/>
						<line hits="1" number="3959"/>
						<line hits="1" number="3974"/>
						<line hits="1" number="4014"/>
						<line hits="1" number="4050"/>
						<line hits="1" number="4086"/>
						<line hits="1" number="4093"/>
						<line hits="1" number="4097"/>
						<line hits="1" number="4112"/>
						<line hits="1" number="4166"/>
						<line hits="1" number="4181"/>
						<line hits="1" number="4287"/>
						<line hits="1" number="4331"/>
						<line hits="1" number="4395"/>
						<line hits="1" number="4461"/>
						<line hits="1" number="4471"/>
						<line hits="1" number="4497"/>
						<line hits="1" number="4542"/>
						<line hits="1" number="4586"/>
						<line hits="1" number="4631"/>
						<line hits="1" number="4689"/>
						<line hits="1" number="4708"/>
						<line hits="1" number="4732"/>
						<line hits="1" number="4750"/>
						<line hits="1" number="4773"/>
						<line hits="1" number="4799"/>
						<line hits="1" number="4836"/>
						<line hits="1" number="4873"/>
						<line hits="1" number="4990"/>
						<line hits="1" number="5069"/>
						<line hits="1" number="5176"/>
						<line hits="1" number="5240"/>
						<line hits="1" number="5304"/>
						<line hits="1" number="5395"/>
						<line hits="1" number="5403"/>
						<line hits="1" number="5446"/>
						<line hits="1" number="5449"/>
						<line hits="1" number="5460"/>
						<line hits="1" number="5488"/>
						<line hits="1" number="5500"/>
						<line hits="1" number="5513"/>
						<line hits="1" number="5542"/>
						<line hits="1" number="5549"/>
						<line hits="1" number="5557"/>
						<line hits="1" number="5566"/>
						<line hits="1" number="5586"/>
						<line hits="1" number="5594"/>
						<line hits="1" number="5609"/>
						<line hits="1" number="5617"/>
						<line hits="1" number="5624"/>
						<line hits="1" number="5633"/>
						<line hits="1" number="5636"/>
						<line hits="1" number="5650"/>
						<line hits="1" number="5659"/>
						<line hits="1" number="5731"/>
						<line hits="1" number="5795"/>
						<line hits="1" number="5798"/>
						<line hits="1" number="5801"/>
						<line hits="1" number="5852"/>
						<line hits="1" number="5896"/>
						<line hits="1" number="5910"/>
						<line hits="1" number="5924"/>
						<line hits="1" number="5938"/>
						<line hits="1" number="5941"/>
						<line hits="1" number="5944"/>
						<line hits="1" number="5947"/>
						<line hits="1" number="5950"/>
						<line hits="1" number="5953"/>
						<line hits="1" number="5956"/>
						<line hits="1" number="5959"/>
						<line hits="1" number="5962"/>
						<line hits="1" number="5965"/>
						<line hits="1" number="5968"/>
						<line hits="1" number="5971"/>
						<line hits="1" number="5976"/>
						<line hits="1" number="5990"/>
						<line hits="1" number="6004"/>
						<line hits="1" number="6018"/>
						<line hits="1" number="6032"/>
						<line hits="1" number="6046"/>
						<line hits="1" number="6060"/>
						<line hits="1" number="6074"/>
						<line hits="1" number="6088"/>
						<line hits="1" number="6102"/>
						<line hits="1" number="6116"/>
						<line hits="1" number="6130"/>
						<line hits="1" number="6144"/>
						<line hits="1" number="6158"/>
						<line hits="1" number="6172"/>
						<line hits="1" number="6186"/>
						<line hits="1" number="6200"/>
						<line hits="1" number="6214"/>
						<line hits="1" number="6228"/>
						<line hits="1" number="6242"/>
						<line hits="1" number="6256"/>
						<line hits="1" number="6270"/>
						<line hits="1" number="6284"/>
						<line hits="1" number="6298"/>
						<line hits="1" number="6312"/>
						<line hits="1" number="6326"/>
						<line hits="1" number="6359"/>
						<line hits="1" number="6373"/>
						<line hits="1" number="6387"/>
						<line hits="1" number="6401"/>
						<line hits="1" number="6415"/>
						<line hits="1" number="6429"/>
						<line hits="1" number="6443"/>
						<line hits="1" number="6457"/>
						<line hits="1" number="6471"/>
						<line hits="1" number="6485"/>
						<line hits="1" number="6499"/>
						<line hits="1" number="6513"/>
						<line hits="1" number="6527"/>
						<line hits="1" number="6541"/>
						<line hits="1" number="6555"/>
						<line hits="1" number="6569"/>
						<line hits="1" number="6583"/>
						<line hits="1" number="6597"/>
						<line hits="1" number="6611"/>
						<line hits="1" number="6625"/>
						<line hits="1" number="6639"/>
						<line hits="1" number="6653"/>
						<line hits="1" number="6667"/>
						<line hits="1" number="6681"/>
						<line hits="1" number="6695"/>
						<line hits="1" number="6717"/>
						<line hits="1" number="6723"/>
						<line hits="1" number="6729"/>
						<line hits="1" number="6735"/>
						<line hits="1" number="6741"/>
						<line hits="1" number="6749"/>
						<line hits="1" number="6755"/>
						<line hits="1" number="6762"/>
						<line hits="1" number="6770"/>
						<line hits="1" number="6783"/>
						<line hits="1" number="6784"/>
						<line hits="1" number="6785"/>
						<line hits="1" number="6786"/>
						<line hits="1" number="6787"/>
						<line hits="1" number="6788"/>
						<line hits="1" number="6790"/>
						<line hits="1" number="6792"/>
						<line hits="1" number="6793"/>
						<line hits="1" number="6796"/>
						<line hits="1" number="6819"/>
						<line hits="1" number="6820"/>
						<line hits="1" number="6822"/>
						<line hits="1" number="6823"/>
						<line hits="1" number="6824"/>
						<line hits="1" number="6825"/>
						<line hits="1" number="6828"/>
						<line hits="1" number="6835"/>
						<line hits="1" number="6838"/>
						<line hits="1" number="6843"/>
						<line hits="1" number="6848"/>
						<line hits="1" number="6853"/>
						<line hits="1" number="6858"/>
						<line hits="1" number="6863"/>
						<line hits="1" number="6868"/>
						<line hits="1" number="6873"/>
						<line hits="1" number="6878"/>
						<line hits="1" number="6883"/>
						<line hits="1" number="6888"/>
						<line hits="1" number="6893"/>
						<line hits="1" number="6898"/>
						<line hits="1" number="6903"/>
						<line hits="1" number="6909"/>
						<line hits="1" number="6915"/>
						<line hits="1" number="6921"/>
						<line hits="1" number="6927"/>
						<line hits="1" number="6933"/>
					</lines>
				</class>
				<class branch-rate="0" complexity="0" filename="/home/hecc/.virtualenvs/vasp/lib/python3.7/site-packages/numpy/core/_dtype.py" line-rate="0.1494" name="_dtype.py">
					<methods/>
					<lines>
						<line hits="1" number="6"/>
						<line hits="1" number="8"/>
						<line hits="1" number="10"/>
						<line hits="1" number="13"/>
						<line hits="1" number="24"/>
						<line hits="1" number="25"/>
						<line hits="0" number="30"/>
						<line hits="1" number="36"/>
						<line hits="1" number="37"/>
						<line hits="1" number="38"/>
						<line hits="0" number="39"/>
						<line hits="0" number="40"/>
						<line hits="1" number="46"/>
						<line hits="0" number="47"/>
						<line hits="0" number="48"/>
						<line hits="0" number="49"/>
						<line hits="0" number="50"/>
						<line hits="0" number="51"/>
						<line hits="0" number="52"/>
						<line hits="0" number="54"/>
						<line hits="1" number="57"/>
						<line hits="0" number="58"/>
						<line hits="0" number="59"/>
						<line hits="0" number="60"/>
						<line hits="0" number="61"/>
						<line hits="1" number="64"/>
						<line hits="0" number="72"/>
						<line hits="1" number="75"/>
						<line hits="0" number="77"/>
						<line hits="1" number="80"/>
						<line hits="0" number="107"/>
						<line hits="0" number="108"/>
						<line hits="0" number="109"/>
						<line hits="0" number="110"/>
						<line hits="0" number="112"/>
						<line hits="1" number="115"/>
						<line hits="0" number="116"/>
						<line hits="0" number="118"/>
						<line hits="0" number="119"/>
						<line hits="0" number="120"/>
						<line hits="0" number="122"/>
						<line hits="0" number="124"/>
						<line hits="0" number="127"/>
						<line hits="0" number="129"/>
						<line hits="0" number="130"/>
						<line hits="0" number="131"/>
						<line hits="0" number="133"/>
						<line hits="0" number="135"/>
						<line hits="0" number="136"/>
						<line hits="0" number="137"/>
						<line hits="0" number="139"/>
						<line hits="0" number="143"/>
						<line hits="0" number="144"/>
						<line hits="0" number="145"/>
						<line hits="0" number="147"/>
						<line hits="0" number="149"/>
						<line hits="0" number="150"/>
						<line hits="0" number="152"/>
						<line hits="0" number="153"/>
						<line hits="0" number="155"/>
						<line hits="0" number="157"/>
						<line hits="0" number="158"/>
						<line hits="0" number="162"/>
						<line hits="0" number="164"/>
						<line hits="0" number="165"/>
						<line hits="0" number="168"/>
						<line hits="1" number="172"/>
						<line hits="0" number="175"/>
						<line hits="0" number="176"/>
						<line hits="0" number="178"/>
						<line hits="0" number="179"/>
						<line hits="0" number="180"/>
						<line hits="0" number="181"/>
						<line hits="0" number="183"/>
						<line hits="0" number="184"/>
						<line hits="0" number="185"/>
						<line hits="0" number="187"/>
						<line hits="1" number="190"/>
						<line hits="0" number="192"/>
						<line hits="0" number="193"/>
						<line hits="0" number="194"/>
						<line hits="0" number="195"/>
						<line hits="0" number="196"/>
						<line hits="0" number="198"/>
						<line hits="1" number="201"/>
						<line hits="0" number="203"/>
						<line hits="0" number="204"/>
						<line hits="0" number="205"/>
						<line hits="0" number="206"/>
						<line hits="0" number="207"/>
						<line hits="0" number="208"/>
						<line hits="0" number="209"/>
						<line hits="0" number="210"/>
						<line hits="0" number="211"/>
						<line hits="0" number="216"/>
						<line hits="0" number="217"/>
						<line hits="0" number="220"/>
						<line hits="0" number="221"/>
						<line hits="0" number="225"/>
						<line hits="0" number="226"/>
						<line hits="0" number="229"/>
						<line hits="0" number="230"/>
						<line hits="0" number="231"/>
						<line hits="0" number="234"/>
						<line hits="0" number="236"/>
						<line hits="0" number="238"/>
						<line hits="0" number="240"/>
						<line hits="0" number="242"/>
						<line hits="1" number="245"/>
						<line hits="0" number="257"/>
						<line hits="0" number="258"/>
						<line hits="0" number="259"/>
						<line hits="0" number="260"/>
						<line hits="0" number="261"/>
						<line hits="0" number="262"/>
						<line hits="0" number="263"/>
						<line hits="0" number="264"/>
						<line hits="0" number="265"/>
						<line hits="1" number="268"/>
						<line hits="0" number="269"/>
						<line hits="0" number="270"/>
						<line hits="0" number="271"/>
						<line hits="0" number="273"/>
						<line hits="0" number="274"/>
						<line hits="0" number="275"/>
						<line hits="0" number="277"/>
						<line hits="0" number="279"/>
						<line hits="0" number="280"/>
						<line hits="0" number="281"/>
						<line hits="0" number="286"/>
						<line hits="0" number="288"/>
						<line hits="0" number="289"/>
						<line hits="0" number="291"/>
						<line hits="1" number="294"/>
						<line hits="0" number="298"/>
						<line hits="0" number="299"/>
						<line hits="0" number="302"/>
						<line hits="0" number="305"/>
						<line hits="0" number="306"/>
						<line hits="0" number="308"/>
						<line hits="1" number="311"/>
						<line hits="0" number="312"/>
						<line hits="0" number="313"/>
						<line hits="1" number="319"/>
						<line hits="0" number="322"/>
						<line hits="0" number="324"/>
						<line hits="0" number="327"/>
						<line hits="0" number="330"/>
						<line hits="0" number="331"/>
						<line hits="0" number="334"/>
						<line hits="0" number="335"/>
						<line hits="0" number="338"/>
						<line hits="0" number="339"/>
						<line hits="0" number="341"/>
					</lines>
				</class>
				<class branch-rate="0" complexity="0" filename="/home/hecc/.virtualenvs/vasp/lib/python3.7/site-packages/numpy/core/_dtype_ctypes.py" line-rate="0.3585" name="_dtype_ctypes.py">
					<methods/>
					<lines>
						<line hits="1" number="25"/>
						<line hits="1" number="26"/>
						<line hits="1" number="28"/>
						<line hits="1" number="31"/>
						<line hits="0" number="32"/>
						<line hits="1" number="35"/>
						<line hits="0" number="36"/>
						<line hits="0" number="37"/>
						<line hits="0" number="38"/>
						<line hits="0" number="41"/>
						<line hits="0" number="42"/>
						<line hits="0" number="43"/>
						<line hits="0" number="44"/>
						<line hits="0" number="45"/>
						<line hits="0" number="46"/>
						<line hits="0" number="47"/>
						<line hits="0" number="48"/>
						<line hits="0" number="50"/>
						<line hits="0" number="51"/>
						<line hits="0" number="52"/>
						<line hits="0" number="53"/>
						<line hits="0" number="55"/>
						<line hits="0" number="61"/>
						<line hits="0" number="62"/>
						<line hits="0" number="63"/>
						<line hits="0" number="66"/>
						<line hits="1" number="69"/>
						<line hits="1" number="73"/>
						<line hits="1" number="74"/>
						<line hits="1" number="75"/>
						<line hits="1" number="76"/>
						<line hits="1" number="78"/>
						<line hits="1" number="81"/>
						<line hits="0" number="82"/>
						<line hits="0" number="83"/>
						<line hits="0" number="84"/>
						<line hits="0" number="85"/>
						<line hits="0" number="86"/>
						<line hits="0" number="87"/>
						<line hits="0" number="88"/>
						<line hits="0" number="90"/>
						<line hits="1" number="97"/>
						<line hits="1" number="101"/>
						<line hits="0" number="102"/>
						<line hits="1" number="103"/>
						<line hits="0" number="104"/>
						<line hits="1" number="105"/>
						<line hits="0" number="106"/>
						<line hits="1" number="107"/>
						<line hits="0" number="108"/>
						<line hits="1" number="109"/>
						<line hits="1" number="110"/>
						<line hits="0" number="112"/>
					</lines>
				</class>
				<class branch-rate="0" complexity="0" filename="/home/hecc/.virtualenvs/vasp/lib/python3.7/site-packages/numpy/core/_internal.py" line-rate="0.2437" name="_internal.py">
					<methods/>
					<lines>
						<line hits="1" number="7"/>
						<line hits="1" number="9"/>
						<line hits="1" number="10"/>
						<line hits="1" number="12"/>
						<line hits="1" number="13"/>
						<line hits="1" number="14"/>
						<line hits="1" number="15"/>
						<line hits="1" number="16"/>
						<line hits="0" number="17"/>
						<line hits="0" number="18"/>
						<line hits="1" number="20"/>
						<line hits="1" number="21"/>
						<line hits="0" number="23"/>
						<line hits="1" number="25"/>
						<line hits="0" number="26"/>
						<line hits="0" number="27"/>
						<line hits="0" number="28"/>
						<line hits="0" number="29"/>
						<line hits="0" number="30"/>
						<line hits="0" number="31"/>
						<line hits="0" number="32"/>
						<line hits="0" number="33"/>
						<line hits="0" number="34"/>
						<line hits="0" number="35"/>
						<line hits="0" number="36"/>
						<line hits="0" number="37"/>
						<line hits="0" number="38"/>
						<line hits="0" number="39"/>
						<line hits="0" number="40"/>
						<line hits="0" number="42"/>
						<line hits="0" number="43"/>
						<line hits="0" number="45"/>
						<line hits="0" number="46"/>
						<line hits="0" number="47"/>
						<line hits="0" number="48"/>
						<line hits="0" number="49"/>
						<line hits="0" number="51"/>
						<line hits="1" number="56"/>
						<line hits="0" number="57"/>
						<line hits="0" number="58"/>
						<line hits="0" number="59"/>
						<line hits="0" number="60"/>
						<line hits="0" number="61"/>
						<line hits="0" number="62"/>
						<line hits="0" number="64"/>
						<line hits="0" number="65"/>
						<line hits="0" number="66"/>
						<line hits="0" number="67"/>
						<line hits="0" number="68"/>
						<line hits="0" number="69"/>
						<line hits="0" number="70"/>
						<line hits="0" number="71"/>
						<line hits="0" number="72"/>
						<line hits="0" number="74"/>
						<line hits="0" number="76"/>
						<line hits="1" number="88"/>
						<line hits="0" number="89"/>
						<line hits="0" number="90"/>
						<line hits="0" number="91"/>
						<line hits="0" number="92"/>
						<line hits="0" number="93"/>
						<line hits="0" number="94"/>
						<line hits="0" number="96"/>
						<line hits="0" number="97"/>
						<line hits="0" number="98"/>
						<line hits="0" number="100"/>
						<line hits="0" number="102"/>
						<line hits="0" number="104"/>
						<line hits="0" number="105"/>
						<line hits="0" number="106"/>
						<line hits="0" number="107"/>
						<line hits="0" number="108"/>
						<line hits="0" number="109"/>
						<line hits="0" number="110"/>
						<line hits="0" number="111"/>
						<line hits="0" number="112"/>
						<line hits="0" number="113"/>
						<line hits="0" number="114"/>
						<line hits="0" number="117"/>
						<line hits="0" number="118"/>
						<line hits="0" number="120"/>
						<line hits="0" number="121"/>
						<line hits="0" number="122"/>
						<line hits="0" number="125"/>
						<line hits="0" number="126"/>
						<line hits="0" number="127"/>
						<line hits="0" number="129"/>
						<line hits="0" number="130"/>
						<line hits="0" number="131"/>
						<line hits="0" number="133"/>
						<line hits="1" number="140"/>
						<line hits="0" number="141"/>
						<line hits="1" number="146"/>
						<line hits="1" number="150"/>
						<line hits="1" number="151"/>
						<line hits="1" number="155"/>
						<line hits="1" number="157"/>
						<line hits="0" number="158"/>
						<line hits="0" number="159"/>
						<line hits="0" number="160"/>
						<line hits="0" number="161"/>
						<line hits="0" number="162"/>
						<line hits="0" number="163"/>
						<line hits="0" number="164"/>
						<line hits="0" number="165"/>
						<line hits="0" number="167"/>
						<line hits="0" number="169"/>
						<line hits="0" number="170"/>
						<line hits="0" number="171"/>
						<line hits="0" number="173"/>
						<line hits="0" number="174"/>
						<line hits="0" number="175"/>
						<line hits="0" number="178"/>
						<line hits="0" number="180"/>
						<line hits="0" number="181"/>
						<line hits="0" number="182"/>
						<line hits="0" number="183"/>
						<line hits="0" number="185"/>
						<line hits="0" number="186"/>
						<line hits="0" number="187"/>
						<line hits="0" number="188"/>
						<line hits="0" number="191"/>
						<line hits="0" number="193"/>
						<line hits="0" number="194"/>
						<line hits="0" number="195"/>
						<line hits="0" number="196"/>
						<line hits="0" number="197"/>
						<line hits="0" number="199"/>
						<line hits="0" number="200"/>
						<line hits="0" number="202"/>
						<line hits="1" number="204"/>
						<line hits="1" number="205"/>
						<line hits="0" number="206"/>
						<line hits="1" number="207"/>
						<line hits="0" number="208"/>
						<line hits="1" number="209"/>
						<line hits="0" number="210"/>
						<line hits="1" number="211"/>
						<line hits="0" number="212"/>
						<line hits="1" number="213"/>
						<line hits="0" number="214"/>
						<line hits="1" number="216"/>
						<line hits="1" number="217"/>
						<line hits="1" number="218"/>
						<line hits="0" number="219"/>
						<line hits="1" number="220"/>
						<line hits="0" number="221"/>
						<line hits="0" number="222"/>
						<line hits="1" number="224"/>
						<line hits="1" number="225"/>
						<line hits="0" number="226"/>
						<line hits="1" number="227"/>
						<line hits="1" number="228"/>
						<line hits="0" number="229"/>
						<line hits="0" number="230"/>
						<line hits="0" number="232"/>
						<line hits="1" number="233"/>
						<line hits="1" number="234"/>
						<line hits="1" number="235"/>
						<line hits="1" number="239"/>
						<line hits="1" number="240"/>
						<line hits="0" number="241"/>
						<line hits="1" number="243"/>
						<line hits="1" number="244"/>
						<line hits="0" number="245"/>
						<line hits="1" number="248"/>
						<line hits="1" number="257"/>
						<line hits="0" number="258"/>
						<line hits="1" number="260"/>
						<line hits="0" number="262"/>
						<line hits="0" number="269"/>
						<line hits="1" number="272"/>
						<line hits="0" number="276"/>
						<line hits="0" number="279"/>
						<line hits="0" number="282"/>
						<line hits="0" number="285"/>
						<line hits="1" number="288"/>
						<line hits="1" number="289"/>
						<line hits="0" number="290"/>
						<line hits="0" number="292"/>
						<line hits="0" number="293"/>
						<line hits="0" number="295"/>
						<line hits="0" number="296"/>
						<line hits="0" number="299"/>
						<line hits="0" number="300"/>
						<line hits="0" number="301"/>
						<line hits="0" number="303"/>
						<line hits="0" number="304"/>
						<line hits="0" number="306"/>
						<line hits="1" number="308"/>
						<line hits="0" number="318"/>
						<line hits="1" number="320"/>
						<line hits="0" number="325"/>
						<line hits="0" number="326"/>
						<line hits="0" number="327"/>
						<line hits="1" number="329"/>
						<line hits="0" number="334"/>
						<line hits="0" number="335"/>
						<line hits="0" number="336"/>
						<line hits="1" number="338"/>
						<line hits="0" number="354"/>
						<line hits="1" number="356"/>
						<line hits="0" number="366"/>
						<line hits="1" number="368"/>
						<line hits="0" number="377"/>
						<line hits="1" number="379"/>
						<line hits="0" number="386"/>
						<line hits="1" number="389"/>
						<line hits="1" number="390"/>
						<line hits="1" number="391"/>
						<line hits="1" number="392"/>
						<line hits="1" number="395"/>
						<line hits="0" number="400"/>
						<line hits="0" number="401"/>
						<line hits="0" number="402"/>
						<line hits="0" number="403"/>
						<line hits="0" number="404"/>
						<line hits="0" number="405"/>
						<line hits="0" number="406"/>
						<line hits="0" number="407"/>
						<line hits="0" number="408"/>
						<line hits="0" number="409"/>
						<line hits="0" number="410"/>
						<line hits="0" number="411"/>
						<line hits="0" number="413"/>
						<line hits="0" number="414"/>
						<line hits="0" number="415"/>
						<line hits="0" number="416"/>
						<line hits="1" number="418"/>
						<line hits="0" number="431"/>
						<line hits="0" number="432"/>
						<line hits="0" number="434"/>
						<line hits="1" number="436"/>
						<line hits="0" number="457"/>
						<line hits="0" number="458"/>
						<line hits="0" number="459"/>
						<line hits="0" number="460"/>
						<line hits="0" number="461"/>
						<line hits="0" number="462"/>
						<line hits="0" number="464"/>
						<line hits="0" number="465"/>
						<line hits="0" number="466"/>
						<line hits="1" number="468"/>
						<line hits="0" number="490"/>
						<line hits="0" number="491"/>
						<line hits="0" number="493"/>
						<line hits="0" number="494"/>
						<line hits="0" number="495"/>
						<line hits="1" number="500"/>
						<line hits="1" number="525"/>
						<line hits="1" number="527"/>
						<line hits="1" number="550"/>
						<line hits="1" number="552"/>
						<line hits="1" number="559"/>
						<line hits="1" number="560"/>
						<line hits="0" number="561"/>
						<line hits="0" number="562"/>
						<line hits="1" number="564"/>
						<line hits="0" number="565"/>
						<line hits="0" number="566"/>
						<line hits="0" number="567"/>
						<line hits="1" number="569"/>
						<line hits="0" number="570"/>
						<line hits="0" number="571"/>
						<line hits="0" number="572"/>
						<line hits="0" number="573"/>
						<line hits="1" number="575"/>
						<line hits="0" number="576"/>
						<line hits="0" number="577"/>
						<line hits="0" number="578"/>
						<line hits="0" number="579"/>
						<line hits="0" number="580"/>
						<line hits="0" number="582"/>
						<line hits="0" number="583"/>
						<line hits="0" number="584"/>
						<line hits="0" number="585"/>
						<line hits="1" number="587"/>
						<line hits="0" number="589"/>
						<line hits="1" number="591"/>
						<line hits="0" number="592"/>
						<line hits="1" number="593"/>
						<line hits="1" number="596"/>
						<line hits="0" number="597"/>
						<line hits="0" number="598"/>
						<line hits="0" number="599"/>
						<line hits="1" number="601"/>
						<line hits="0" number="602"/>
						<line hits="0" number="608"/>
						<line hits="0" number="609"/>
						<line hits="0" number="610"/>
						<line hits="0" number="613"/>
						<line hits="0" number="614"/>
						<line hits="0" number="617"/>
						<line hits="0" number="618"/>
						<line hits="0" number="621"/>
						<line hits="0" number="622"/>
						<line hits="0" number="623"/>
						<line hits="0" number="624"/>
						<line hits="0" number="627"/>
						<line hits="0" number="628"/>
						<line hits="0" number="629"/>
						<line hits="0" number="630"/>
						<line hits="0" number="631"/>
						<line hits="0" number="634"/>
						<line hits="0" number="635"/>
						<line hits="0" number="636"/>
						<line hits="0" number="638"/>
						<line hits="0" number="639"/>
						<line hits="0" number="642"/>
						<line hits="0" number="643"/>
						<line hits="0" number="644"/>
						<line hits="0" number="646"/>
						<line hits="0" number="649"/>
						<line hits="0" number="651"/>
						<line hits="0" number="652"/>
						<line hits="0" number="654"/>
						<line hits="0" number="655"/>
						<line hits="0" number="656"/>
						<line hits="0" number="658"/>
						<line hits="0" number="660"/>
						<line hits="0" number="661"/>
						<line hits="0" number="662"/>
						<line hits="0" number="663"/>
						<line hits="0" number="664"/>
						<line hits="0" number="665"/>
						<line hits="0" number="667"/>
						<line hits="0" number="668"/>
						<line hits="0" number="669"/>
						<line hits="0" number="670"/>
						<line hits="0" number="671"/>
						<line hits="0" number="675"/>
						<line hits="0" number="683"/>
						<line hits="0" number="684"/>
						<line hits="0" number="685"/>
						<line hits="0" number="686"/>
						<line hits="0" number="688"/>
						<line hits="0" number="690"/>
						<line hits="0" number="691"/>
						<line hits="0" number="693"/>
						<line hits="0" number="697"/>
						<line hits="0" number="700"/>
						<line hits="0" number="703"/>
						<line hits="0" number="704"/>
						<line hits="0" number="707"/>
						<line hits="0" number="708"/>
						<line hits="0" number="711"/>
						<line hits="0" number="712"/>
						<line hits="0" number="714"/>
						<line hits="0" number="716"/>
						<line hits="0" number="717"/>
						<line hits="0" number="718"/>
						<line hits="0" number="720"/>
						<line hits="0" number="721"/>
						<line hits="0" number="722"/>
						<line hits="0" number="724"/>
						<line hits="0" number="725"/>
						<line hits="0" number="727"/>
						<line hits="0" number="730"/>
						<line hits="0" number="731"/>
						<line hits="0" number="734"/>
						<line hits="0" number="738"/>
						<line hits="0" number="740"/>
						<line hits="0" number="741"/>
						<line hits="0" number="744"/>
						<line hits="1" number="746"/>
						<line hits="0" number="748"/>
						<line hits="0" number="749"/>
						<line hits="0" number="750"/>
						<line hits="0" number="751"/>
						<line hits="0" number="753"/>
						<line hits="0" number="754"/>
						<line hits="0" number="755"/>
						<line hits="0" number="756"/>
						<line hits="0" number="757"/>
						<line hits="0" number="758"/>
						<line hits="0" number="759"/>
						<line hits="1" number="761"/>
						<line hits="0" number="763"/>
						<line hits="0" number="764"/>
						<line hits="0" number="771"/>
						<line hits="0" number="772"/>
						<line hits="0" number="773"/>
						<line hits="0" number="780"/>
						<line hits="0" number="781"/>
						<line hits="1" number="783"/>
						<line hits="0" number="784"/>
						<line hits="0" number="785"/>
						<line hits="0" number="786"/>
						<line hits="0" number="787"/>
						<line hits="1" number="789"/>
						<line hits="0" number="791"/>
						<line hits="0" number="792"/>
						<line hits="0" number="793"/>
						<line hits="1" number="795"/>
						<line hits="0" number="796"/>
						<line hits="1" number="799"/>
						<line hits="1" number="800"/>
						<line hits="1" number="801"/>
						<line hits="1" number="803"/>
						<line hits="1" number="804"/>
						<line hits="1" number="806"/>
						<line hits="0" number="808"/>
						<line hits="0" number="809"/>
						<line hits="0" number="813"/>
						<line hits="0" number="815"/>
						<line hits="0" number="816"/>
						<line hits="0" number="818"/>
						<line hits="1" number="821"/>
						<line hits="0" number="823"/>
						<line hits="0" number="826"/>
						<line hits="0" number="827"/>
						<line hits="0" number="828"/>
						<line hits="1" number="833"/>
						<line hits="0" number="835"/>
						<line hits="0" number="836"/>
						<line hits="1" number="840"/>
						<line hits="1" number="848"/>
						<line hits="1" number="849"/>
						<line hits="1" number="851"/>
						<line hits="1" number="854"/>
						<line hits="0" number="855"/>
						<line hits="1" number="856"/>
						<line hits="1" number="857"/>
						<line hits="0" number="859"/>
						<line hits="1" number="866"/>
						<line hits="1" number="874"/>
						<line hits="1" number="875"/>
						<line hits="1" number="878"/>
						<line hits="1" number="886"/>
						<line hits="1" number="889"/>
						<line hits="1" number="892"/>
						<line hits="1" number="894"/>
						<line hits="0" number="895"/>
						<line hits="0" number="896"/>
						<line hits="1" number="899"/>
						<line hits="1" number="924"/>
						<line hits="0" number="925"/>
						<line hits="1" number="926"/>
						<line hits="0" number="927"/>
					</lines>
				</class>
				<class branch-rate="0" complexity="0" filename="/home/hecc/.virtualenvs/vasp/lib/python3.7/site-packages/numpy/core/_methods.py" line-rate="0.2667" name="_methods.py">
					<methods/>
					<lines>
						<line hits="1" number="6"/>
						<line hits="1" number="8"/>
						<line hits="1" number="10"/>
						<line hits="1" number="11"/>
						<line hits="1" number="12"/>
						<line hits="1" number="13"/>
						<line hits="1" number="14"/>
						<line hits="1" number="17"/>
						<line hits="1" number="18"/>
						<line hits="1" number="19"/>
						<line hits="1" number="20"/>
						<line hits="1" number="21"/>
						<line hits="1" number="22"/>
						<line hits="1" number="26"/>
						<line hits="0" number="28"/>
						<line hits="1" number="30"/>
						<line hits="0" number="32"/>
						<line hits="1" number="34"/>
						<line hits="0" number="36"/>
						<line hits="1" number="38"/>
						<line hits="0" number="40"/>
						<line hits="1" number="42"/>
						<line hits="0" number="43"/>
						<line hits="1" number="45"/>
						<line hits="0" number="46"/>
						<line hits="1" number="48"/>
						<line hits="0" number="49"/>
						<line hits="0" number="50"/>
						<line hits="0" number="51"/>
						<line hits="0" number="52"/>
						<line hits="0" number="53"/>
						<line hits="0" number="54"/>
						<line hits="0" number="55"/>
						<line hits="0" number="56"/>
						<line hits="1" number="58"/>
						<line hits="0" number="59"/>
						<line hits="0" number="61"/>
						<line hits="0" number="62"/>
						<line hits="0" number="64"/>
						<line hits="0" number="65"/>
						<line hits="0" number="68"/>
						<line hits="0" number="69"/>
						<line hits="0" number="70"/>
						<line hits="0" number="71"/>
						<line hits="0" number="72"/>
						<line hits="0" number="73"/>
						<line hits="0" number="75"/>
						<line hits="0" number="76"/>
						<line hits="0" number="77"/>
						<line hits="0" number="79"/>
						<line hits="0" number="80"/>
						<line hits="0" number="81"/>
						<line hits="0" number="82"/>
						<line hits="0" number="83"/>
						<line hits="0" number="85"/>
						<line hits="0" number="87"/>
						<line hits="0" number="89"/>
						<line hits="1" number="91"/>
						<line hits="0" number="92"/>
						<line hits="0" number="94"/>
						<line hits="0" number="96"/>
						<line hits="0" number="97"/>
						<line hits="0" number="101"/>
						<line hits="0" number="102"/>
						<line hits="0" number="107"/>
						<line hits="0" number="108"/>
						<line hits="0" number="109"/>
						<line hits="0" number="112"/>
						<line hits="0" number="117"/>
						<line hits="0" number="118"/>
						<line hits="0" number="119"/>
						<line hits="0" number="121"/>
						<line hits="0" number="122"/>
						<line hits="0" number="125"/>
						<line hits="0" number="128"/>
						<line hits="0" number="129"/>
						<line hits="0" number="131"/>
						<line hits="0" number="132"/>
						<line hits="0" number="134"/>
						<line hits="0" number="136"/>
						<line hits="1" number="138"/>
						<line hits="0" number="139"/>
						<line hits="0" number="142"/>
						<line hits="0" number="143"/>
						<line hits="0" number="144"/>
						<line hits="0" number="145"/>
						<line hits="0" number="147"/>
						<line hits="0" number="149"/>
						<line hits="1" number="151"/>
						<line hits="0" number="152"/>
					</lines>
				</class>
				<class branch-rate="0" complexity="0" filename="/home/hecc/.virtualenvs/vasp/lib/python3.7/site-packages/numpy/core/_string_helpers.py" line-rate="0.9333" name="_string_helpers.py">
					<methods/>
					<lines>
						<line hits="1" number="9"/>
						<line hits="1" number="10"/>
						<line hits="1" number="11"/>
						<line hits="1" number="12"/>
						<line hits="1" number="13"/>
						<line hits="1" number="16"/>
						<line hits="1" number="40"/>
						<line hits="1" number="41"/>
						<line hits="1" number="44"/>
						<line hits="1" number="68"/>
						<line hits="1" number="69"/>
						<line hits="1" number="72"/>
						<line hits="1" number="97"/>
						<line hits="1" number="98"/>
						<line hits="0" number="100"/>
					</lines>
				</class>
				<class branch-rate="0" complexity="0" filename="/home/hecc/.virtualenvs/vasp/lib/python3.7/site-packages/numpy/core/_type_aliases.py" line-rate="0.875" name="_type_aliases.py">
					<methods/>
					<lines>
						<line hits="1" number="25"/>
						<line hits="1" number="26"/>
						<line hits="1" number="28"/>
						<line hits="1" number="29"/>
						<line hits="1" number="30"/>
						<line hits="1" number="31"/>
						<line hits="1" number="32"/>
						<line hits="1" number="35"/>
						<line hits="1" number="36"/>
						<line hits="1" number="37"/>
						<line hits="0" number="39"/>
						<line hits="0" number="41"/>
						<line hits="1" number="42"/>
						<line hits="0" number="44"/>
						<line hits="0" number="46"/>
						<line hits="1" number="48"/>
						<line hits="1" number="49"/>
						<line hits="1" number="53"/>
						<line hits="1" number="54"/>
						<line hits="1" number="55"/>
						<line hits="1" number="57"/>
						<line hits="1" number="58"/>
						<line hits="1" number="59"/>
						<line hits="1" number="61"/>
						<line hits="1" number="63"/>
						<line hits="1" number="66"/>
						<line hits="1" number="67"/>
						<line hits="1" number="68"/>
						<line hits="0" number="69"/>
						<line hits="0" number="70"/>
						<line hits="0" number="71"/>
						<line hits="0" number="74"/>
						<line hits="1" number="76"/>
						<line hits="1" number="79"/>
						<line hits="1" number="81"/>
						<line hits="1" number="82"/>
						<line hits="1" number="83"/>
						<line hits="1" number="84"/>
						<line hits="1" number="86"/>
						<line hits="1" number="87"/>
						<line hits="1" number="89"/>
						<line hits="1" number="90"/>
						<line hits="1" number="92"/>
						<line hits="1" number="95"/>
						<line hits="1" number="96"/>
						<line hits="1" number="98"/>
						<line hits="1" number="99"/>
						<line hits="1" number="100"/>
						<line hits="1" number="101"/>
						<line hits="1" number="103"/>
						<line hits="1" number="104"/>
						<line hits="1" number="105"/>
						<line hits="1" number="112"/>
						<line hits="1" number="113"/>
						<line hits="1" number="115"/>
						<line hits="1" number="116"/>
						<line hits="1" number="118"/>
						<line hits="1" number="119"/>
						<line hits="1" number="122"/>
						<line hits="1" number="124"/>
						<line hits="1" number="128"/>
						<line hits="0" number="129"/>
						<line hits="1" number="131"/>
						<line hits="1" number="132"/>
						<line hits="1" number="133"/>
						<line hits="1" number="134"/>
						<line hits="1" number="135"/>
						<line hits="1" number="137"/>
						<line hits="1" number="139"/>
						<line hits="1" number="142"/>
						<line hits="1" number="143"/>
						<line hits="1" number="146"/>
						<line hits="1" number="147"/>
						<line hits="1" number="148"/>
						<line hits="1" number="150"/>
						<line hits="1" number="151"/>
						<line hits="1" number="152"/>
						<line hits="1" number="154"/>
						<line hits="1" number="155"/>
						<line hits="1" number="156"/>
						<line hits="1" number="157"/>
						<line hits="1" number="158"/>
						<line hits="1" number="159"/>
						<line hits="1" number="161"/>
						<line hits="1" number="164"/>
						<line hits="1" number="167"/>
						<line hits="1" number="168"/>
						<line hits="1" number="169"/>
						<line hits="1" number="170"/>
						<line hits="1" number="171"/>
						<line hits="1" number="172"/>
						<line hits="1" number="173"/>
						<line hits="1" number="174"/>
						<line hits="1" number="176"/>
						<line hits="1" number="178"/>
						<line hits="1" number="181"/>
						<line hits="1" number="187"/>
						<line hits="1" number="188"/>
						<line hits="1" number="208"/>
						<line hits="1" number="209"/>
						<line hits="0" number="211"/>
						<line hits="1" number="212"/>
						<line hits="1" number="213"/>
						<line hits="1" number="214"/>
						<line hits="1" number="216"/>
						<line hits="1" number="218"/>
						<line hits="1" number="219"/>
						<line hits="0" number="221"/>
						<line hits="1" number="223"/>
						<line hits="1" number="224"/>
						<line hits="1" number="225"/>
						<line hits="1" number="226"/>
						<line hits="1" number="227"/>
						<line hits="1" number="228"/>
						<line hits="1" number="229"/>
						<line hits="1" number="232"/>
						<line hits="1" number="238"/>
						<line hits="1" number="239"/>
						<line hits="1" number="240"/>
						<line hits="1" number="241"/>
						<line hits="1" number="242"/>
						<line hits="1" number="244"/>
						<line hits="1" number="246"/>
						<line hits="1" number="247"/>
						<line hits="1" number="248"/>
						<line hits="1" number="249"/>
						<line hits="1" number="250"/>
						<line hits="1" number="251"/>
						<line hits="1" number="252"/>
						<line hits="1" number="253"/>
						<line hits="1" number="254"/>
						<line hits="1" number="255"/>
						<line hits="1" number="256"/>
						<line hits="1" number="257"/>
						<line hits="1" number="258"/>
						<line hits="0" number="259"/>
						<line hits="0" number="260"/>
						<line hits="0" number="261"/>
						<line hits="0" number="262"/>
						<line hits="0" number="263"/>
						<line hits="0" number="264"/>
						<line hits="0" number="265"/>
						<line hits="1" number="266"/>
						<line hits="1" number="270"/>
						<line hits="1" number="271"/>
						<line hits="1" number="272"/>
						<line hits="0" number="274"/>
						<line hits="1" number="276"/>
						<line hits="1" number="277"/>
						<line hits="1" number="278"/>
						<line hits="1" number="280"/>
						<line hits="1" number="282"/>
					</lines>
				</class>
				<class branch-rate="0" complexity="0" filename="/home/hecc/.virtualenvs/vasp/lib/python3.7/site-packages/numpy/core/arrayprint.py" line-rate="0.2236" name="arrayprint.py">
					<methods/>
					<lines>
						<line hits="1" number="6"/>
						<line hits="1" number="8"/>
						<line hits="1" number="11"/>
						<line hits="1" number="27"/>
						<line hits="1" number="28"/>
						<line hits="1" number="29"/>
						<line hits="1" number="30"/>
						<line hits="1" number="31"/>
						<line hits="1" number="32"/>
						<line hits="0" number="33"/>
						<line hits="0" number="34"/>
						<line hits="0" number="36"/>
						<line hits="0" number="37"/>
						<line hits="0" number="38"/>
						<line hits="0" number="39"/>
						<line hits="1" number="41"/>
						<line hits="1" number="42"/>
						<line hits="1" number="43"/>
						<line hits="1" number="44"/>
						<line hits="1" number="45"/>
						<line hits="1" number="48"/>
						<line hits="1" number="49"/>
						<line hits="1" number="50"/>
						<line hits="1" number="52"/>
						<line hits="1" number="53"/>
						<line hits="1" number="54"/>
						<line hits="1" number="56"/>
						<line hits="1" number="69"/>
						<line hits="0" number="74"/>
						<line hits="0" number="76"/>
						<line hits="0" number="77"/>
						<line hits="0" number="79"/>
						<line hits="0" number="80"/>
						<line hits="0" number="81"/>
						<line hits="0" number="84"/>
						<line hits="0" number="85"/>
						<line hits="0" number="87"/>
						<line hits="0" number="88"/>
						<line hits="0" number="90"/>
						<line hits="0" number="92"/>
						<line hits="0" number="93"/>
						<line hits="0" number="95"/>
						<line hits="1" number="98"/>
						<line hits="1" number="99"/>
						<line hits="0" number="239"/>
						<line hits="0" number="240"/>
						<line hits="0" number="241"/>
						<line hits="0" number="242"/>
						<line hits="0" number="244"/>
						<line hits="0" number="248"/>
						<line hits="0" number="249"/>
						<line hits="0" number="252"/>
						<line hits="0" number="253"/>
						<line hits="0" number="255"/>
						<line hits="0" number="256"/>
						<line hits="0" number="257"/>
						<line hits="1" number="260"/>
						<line hits="0" number="287"/>
						<line hits="1" number="290"/>
						<line hits="1" number="291"/>
						<line hits="0" number="316"/>
						<line hits="0" number="317"/>
						<line hits="0" number="318"/>
						<line hits="0" number="319"/>
						<line hits="0" number="321"/>
						<line hits="1" number="324"/>
						<line hits="0" number="331"/>
						<line hits="0" number="332"/>
						<line hits="0" number="333"/>
						<line hits="0" number="335"/>
						<line hits="0" number="336"/>
						<line hits="0" number="341"/>
						<line hits="1" number="344"/>
						<line hits="0" number="346"/>
						<line hits="0" number="347"/>
						<line hits="0" number="349"/>
						<line hits="0" number="350"/>
						<line hits="1" number="352"/>
						<line hits="0" number="353"/>
						<line hits="1" number="355"/>
						<line hits="0" number="356"/>
						<line hits="1" number="358"/>
						<line hits="0" number="359"/>
						<line hits="0" number="360"/>
						<line hits="0" number="361"/>
						<line hits="0" number="364"/>
						<line hits="0" number="384"/>
						<line hits="0" number="385"/>
						<line hits="0" number="387"/>
						<line hits="0" number="388"/>
						<line hits="0" number="389"/>
						<line hits="0" number="390"/>
						<line hits="0" number="391"/>
						<line hits="0" number="392"/>
						<line hits="0" number="393"/>
						<line hits="0" number="394"/>
						<line hits="0" number="395"/>
						<line hits="0" number="396"/>
						<line hits="0" number="397"/>
						<line hits="0" number="398"/>
						<line hits="0" number="399"/>
						<line hits="0" number="400"/>
						<line hits="0" number="401"/>
						<line hits="0" number="402"/>
						<line hits="0" number="403"/>
						<line hits="0" number="404"/>
						<line hits="0" number="405"/>
						<line hits="0" number="406"/>
						<line hits="0" number="407"/>
						<line hits="0" number="409"/>
						<line hits="1" number="411"/>
						<line hits="0" number="415"/>
						<line hits="0" number="416"/>
						<line hits="0" number="417"/>
						<line hits="0" number="418"/>
						<line hits="0" number="419"/>
						<line hits="0" number="420"/>
						<line hits="0" number="421"/>
						<line hits="0" number="422"/>
						<line hits="0" number="424"/>
						<line hits="0" number="425"/>
						<line hits="0" number="426"/>
						<line hits="0" number="427"/>
						<line hits="0" number="429"/>
						<line hits="0" number="430"/>
						<line hits="0" number="431"/>
						<line hits="0" number="432"/>
						<line hits="0" number="434"/>
						<line hits="0" number="435"/>
						<line hits="0" number="436"/>
						<line hits="0" number="437"/>
						<line hits="0" number="438"/>
						<line hits="0" number="439"/>
						<line hits="0" number="440"/>
						<line hits="0" number="441"/>
						<line hits="0" number="442"/>
						<line hits="0" number="443"/>
						<line hits="0" number="445"/>
						<line hits="0" number="447"/>
						<line hits="1" number="450"/>
						<line hits="1" number="460"/>
						<line hits="1" number="461"/>
						<line hits="1" number="463"/>
						<line hits="1" number="465"/>
						<line hits="1" number="466"/>
						<line hits="0" number="467"/>
						<line hits="1" number="468"/>
						<line hits="1" number="469"/>
						<line hits="1" number="470"/>
						<line hits="1" number="472"/>
						<line hits="1" number="474"/>
						<line hits="1" number="476"/>
						<line hits="1" number="480"/>
						<line hits="1" number="481"/>
						<line hits="0" number="485"/>
						<line hits="0" number="486"/>
						<line hits="0" number="487"/>
						<line hits="0" number="489"/>
						<line hits="0" number="490"/>
						<line hits="0" number="491"/>
						<line hits="0" number="493"/>
						<line hits="0" number="496"/>
						<line hits="0" number="499"/>
						<line hits="0" number="501"/>
						<line hits="0" number="503"/>
						<line hits="0" number="506"/>
						<line hits="1" number="509"/>
						<line hits="0" number="515"/>
						<line hits="1" number="518"/>
						<line hits="1" number="519"/>
						<line hits="0" number="660"/>
						<line hits="0" number="661"/>
						<line hits="0" number="662"/>
						<line hits="0" number="663"/>
						<line hits="0" number="665"/>
						<line hits="0" number="668"/>
						<line hits="0" number="669"/>
						<line hits="0" number="671"/>
						<line hits="0" number="672"/>
						<line hits="0" number="673"/>
						<line hits="0" number="675"/>
						<line hits="0" number="676"/>
						<line hits="0" number="677"/>
						<line hits="0" number="679"/>
						<line hits="0" number="683"/>
						<line hits="0" number="684"/>
						<line hits="0" number="687"/>
						<line hits="0" number="688"/>
						<line hits="0" number="690"/>
						<line hits="1" number="693"/>
						<line hits="0" number="694"/>
						<line hits="0" number="695"/>
						<line hits="0" number="696"/>
						<line hits="0" number="697"/>
						<line hits="0" number="698"/>
						<line hits="0" number="700"/>
						<line hits="0" number="701"/>
						<line hits="0" number="702"/>
						<line hits="0" number="703"/>
						<line hits="0" number="704"/>
						<line hits="1" number="707"/>
						<line hits="0" number="716"/>
						<line hits="0" number="722"/>
						<line hits="0" number="723"/>
						<line hits="0" number="725"/>
						<line hits="0" number="726"/>
						<line hits="0" number="730"/>
						<line hits="0" number="731"/>
						<line hits="0" number="732"/>
						<line hits="0" number="734"/>
						<line hits="0" number="736"/>
						<line hits="0" number="737"/>
						<line hits="0" number="738"/>
						<line hits="0" number="739"/>
						<line hits="0" number="740"/>
[...]
						<line hits="0" number="432"/>
						<line hits="0" number="436"/>
						<line hits="0" number="437"/>
						<line hits="0" number="438"/>
						<line hits="0" number="439"/>
						<line hits="0" number="440"/>
						<line hits="0" number="441"/>
						<line hits="0" number="443"/>
						<line hits="0" number="444"/>
					</lines>
				</class>
				<class branch-rate="0" complexity="0" filename="/home/hecc/Documents/python-package/sagar/sagar/crystal/utils.py" line-rate="0.2" name="utils.py">
					<methods/>
					<lines>
						<line hits="1" number="2"/>
						<line hits="1" number="3"/>
						<line hits="1" number="5"/>
						<line hits="1" number="6"/>
						<line hits="1" number="8"/>
						<line hits="1" number="9"/>
						<line hits="1" number="12"/>
						<line hits="0" number="19"/>
						<line hits="0" number="20"/>
						<line hits="0" number="21"/>
						<line hits="0" number="22"/>
						<line hits="0" number="23"/>
						<line hits="0" number="24"/>
						<line hits="1" number="27"/>
						<line hits="0" number="28"/>
						<line hits="0" number="29"/>
						<line hits="0" number="30"/>
						<line hits="0" number="31"/>
						<line hits="0" number="33"/>
						<line hits="0" number="34"/>
						<line hits="1" number="39"/>
						<line hits="0" number="41"/>
						<line hits="0" number="42"/>
						<line hits="0" number="43"/>
						<line hits="0" number="44"/>
						<line hits="0" number="45"/>
						<line hits="1" number="50"/>
						<line hits="0" number="67"/>
						<line hits="0" number="68"/>
						<line hits="0" number="71"/>
						<line hits="0" number="72"/>
						<line hits="0" number="76"/>
						<line hits="0" number="80"/>
						<line hits="0" number="81"/>
						<line hits="0" number="82"/>
						<line hits="0" number="83"/>
						<line hits="0" number="84"/>
						<line hits="0" number="86"/>
						<line hits="0" number="87"/>
						<line hits="0" number="88"/>
						<line hits="0" number="89"/>
						<line hits="0" number="90"/>
						<line hits="0" number="92"/>
						<line hits="0" number="94"/>
						<line hits="1" number="98"/>
						<line hits="0" number="99"/>
						<line hits="0" number="100"/>
						<line hits="0" number="101"/>
						<line hits="0" number="102"/>
						<line hits="1" number="105"/>
						<line hits="0" number="115"/>
						<line hits="0" number="116"/>
						<line hits="0" number="123"/>
						<line hits="0" number="124"/>
						<line hits="0" number="126"/>
						<line hits="1" number="128"/>
						<line hits="0" number="141"/>
						<line hits="0" number="142"/>
						<line hits="0" number="143"/>
						<line hits="0" number="144"/>
						<line hits="1" number="147"/>
						<line hits="1" number="149"/>
						<line hits="0" number="151"/>
						<line hits="0" number="152"/>
						<line hits="0" number="153"/>
						<line hits="1" number="155"/>
						<line hits="0" number="157"/>
						<line hits="1" number="159"/>
						<line hits="0" number="161"/>
						<line hits="1" number="163"/>
						<line hits="0" number="165"/>
						<line hits="1" number="167"/>
						<line hits="0" number="168"/>
						<line hits="1" number="170"/>
						<line hits="0" number="171"/>
						<line hits="0" number="172"/>
						<line hits="0" number="173"/>
						<line hits="0" number="174"/>
						<line hits="1" number="176"/>
						<line hits="0" number="177"/>
						<line hits="0" number="178"/>
						<line hits="0" number="179"/>
						<line hits="1" number="181"/>
						<line hits="0" number="190"/>
						<line hits="0" number="191"/>
						<line hits="0" number="192"/>
						<line hits="0" number="193"/>
						<line hits="0" number="194"/>
						<line hits="1" number="196"/>
						<line hits="0" number="200"/>
						<line hits="0" number="201"/>
						<line hits="0" number="202"/>
						<line hits="0" number="203"/>
						<line hits="1" number="205"/>
						<line hits="0" number="206"/>
						<line hits="0" number="207"/>
						<line hits="0" number="208"/>
						<line hits="0" number="209"/>
						<line hits="0" number="211"/>
						<line hits="0" number="212"/>
						<line hits="0" number="215"/>
						<line hits="0" number="216"/>
						<line hits="0" number="219"/>
						<line hits="0" number="221"/>
						<line hits="0" number="222"/>
						<line hits="0" number="224"/>
						<line hits="0" number="225"/>
						<line hits="0" number="226"/>
						<line hits="0" number="228"/>
						<line hits="1" number="230"/>
						<line hits="0" number="231"/>
						<line hits="0" number="234"/>
						<line hits="1" number="236"/>
						<line hits="0" number="248"/>
						<line hits="0" number="249"/>
						<line hits="0" number="250"/>
						<line hits="0" number="251"/>
						<line hits="0" number="252"/>
						<line hits="0" number="253"/>
						<line hits="0" number="254"/>
						<line hits="1" number="256"/>
						<line hits="0" number="257"/>
						<line hits="0" number="258"/>
						<line hits="0" number="259"/>
						<line hits="0" number="260"/>
						<line hits="1" number="262"/>
						<line hits="0" number="263"/>
						<line hits="0" number="264"/>
						<line hits="0" number="265"/>
						<line hits="0" number="266"/>
						<line hits="0" number="267"/>
						<line hits="1" number="269"/>
						<line hits="0" number="270"/>
						<line hits="0" number="271"/>
						<line hits="0" number="272"/>
						<line hits="0" number="273"/>
						<line hits="0" number="274"/>
						<line hits="1" number="276"/>
						<line hits="0" number="277"/>
						<line hits="0" number="278"/>
						<line hits="0" number="279"/>
						<line hits="0" number="280"/>
						<line hits="0" number="281"/>
						<line hits="1" number="283"/>
						<line hits="0" number="284"/>
						<line hits="0" number="285"/>
						<line hits="0" number="286"/>
						<line hits="0" number="287"/>
						<line hits="0" number="288"/>
						<line hits="0" number="289"/>
						<line hits="1" number="291"/>
						<line hits="0" number="292"/>
						<line hits="0" number="293"/>
						<line hits="0" number="294"/>
						<line hits="0" number="296"/>
						<line hits="0" number="297"/>
						<line hits="0" number="298"/>
						<line hits="1" number="300"/>
						<line hits="0" number="301"/>
						<line hits="0" number="302"/>
						<line hits="0" number="303"/>
						<line hits="0" number="304"/>
						<line hits="0" number="305"/>
						<line hits="1" number="307"/>
						<line hits="0" number="308"/>
						<line hits="0" number="309"/>
						<line hits="0" number="310"/>
						<line hits="1" number="312"/>
						<line hits="0" number="313"/>
						<line hits="0" number="314"/>
						<line hits="0" number="315"/>
						<line hits="0" number="316"/>
						<line hits="0" number="317"/>
						<line hits="0" number="319"/>
						<line hits="0" number="320"/>
					</lines>
				</class>
			</classes>
		</package>
		<package branch-rate="0" complexity="0" line-rate="0.4444" name=".home.hecc.Documents.python-package.sagar.sagar.element">
			<classes>
				<class branch-rate="0" complexity="0" filename="/home/hecc/Documents/python-package/sagar/sagar/element/__init__.py" line-rate="1" name="__init__.py">
					<methods/>
					<lines/>
				</class>
				<class branch-rate="0" complexity="0" filename="/home/hecc/Documents/python-package/sagar/sagar/element/base.py" line-rate="0.4444" name="base.py">
					<methods/>
					<lines>
						<line hits="1" number="2"/>
						<line hits="1" number="6"/>
						<line hits="1" number="15"/>
						<line hits="0" number="23"/>
						<line hits="0" number="24"/>
						<line hits="0" number="25"/>
						<line hits="0" number="26"/>
						<line hits="1" number="29"/>
						<line hits="0" number="30"/>
					</lines>
				</class>
			</classes>
		</package>
		<package branch-rate="0" complexity="0" line-rate="0.09009" name=".home.hecc.Documents.python-package.sagar.sagar.io">
			<classes>
				<class branch-rate="0" complexity="0" filename="/home/hecc/Documents/python-package/sagar/sagar/io/__init__.py" line-rate="1" name="__init__.py">
					<methods/>
					<lines/>
				</class>
				<class branch-rate="0" complexity="0" filename="/home/hecc/Documents/python-package/sagar/sagar/io/vasp.py" line-rate="0.09009" name="vasp.py">
					<methods/>
					<lines>
						<line hits="1" number="2"/>
						<line hits="1" number="3"/>
						<line hits="1" number="4"/>
						<line hits="1" number="5"/>
						<line hits="1" number="7"/>
						<line hits="1" number="8"/>
						<line hits="1" number="11"/>
						<line hits="0" number="21"/>
						<line hits="0" number="23"/>
						<line hits="1" number="26"/>
						<line hits="0" number="34"/>
						<line hits="0" number="36"/>
						<line hits="0" number="38"/>
						<line hits="0" number="41"/>
						<line hits="0" number="42"/>
						<line hits="0" number="43"/>
						<line hits="0" number="44"/>
						<line hits="0" number="45"/>
						<line hits="0" number="46"/>
						<line hits="0" number="48"/>
						<line hits="0" number="51"/>
						<line hits="0" number="52"/>
						<line hits="0" number="54"/>
						<line hits="0" number="57"/>
						<line hits="0" number="58"/>
						<line hits="0" number="60"/>
						<line hits="0" number="61"/>
						<line hits="0" number="62"/>
						<line hits="0" number="63"/>
						<line hits="0" number="64"/>
						<line hits="0" number="65"/>
						<line hits="0" number="66"/>
						<line hits="0" number="67"/>
						<line hits="0" number="69"/>
						<line hits="0" number="70"/>
						<line hits="0" number="72"/>
						<line hits="0" number="74"/>
						<line hits="0" number="75"/>
						<line hits="0" number="77"/>
						<line hits="0" number="78"/>
						<line hits="0" number="80"/>
						<line hits="0" number="81"/>
						<line hits="0" number="83"/>
						<line hits="0" number="86"/>
						<line hits="0" number="87"/>
						<line hits="0" number="88"/>
						<line hits="0" number="90"/>
						<line hits="0" number="91"/>
						<line hits="0" number="93"/>
						<line hits="0" number="94"/>
						<line hits="0" number="95"/>
						<line hits="0" number="97"/>
						<line hits="0" number="99"/>
						<line hits="0" number="100"/>
						<line hits="0" number="102"/>
						<line hits="0" number="103"/>
						<line hits="0" number="104"/>
						<line hits="0" number="105"/>
						<line hits="0" number="106"/>
						<line hits="0" number="107"/>
						<line hits="0" number="108"/>
						<line hits="0" number="109"/>
						<line hits="0" number="110"/>
						<line hits="1" number="113"/>
						<line hits="0" number="130"/>
						<line hits="0" number="131"/>
						<line hits="0" number="132"/>
						<line hits="1" number="135"/>
						<line hits="0" number="144"/>
						<line hits="0" number="145"/>
						<line hits="0" number="146"/>
						<line hits="0" number="147"/>
						<line hits="0" number="149"/>
						<line hits="0" number="152"/>
						<line hits="0" number="153"/>
						<line hits="0" number="155"/>
						<line hits="0" number="156"/>
						<line hits="0" number="158"/>
						<line hits="0" number="159"/>
						<line hits="0" number="160"/>
						<line hits="0" number="162"/>
						<line hits="0" number="164"/>
						<line hits="0" number="165"/>
						<line hits="0" number="167"/>
						<line hits="0" number="168"/>
						<line hits="0" number="169"/>
						<line hits="0" number="170"/>
						<line hits="0" number="171"/>
						<line hits="0" number="172"/>
						<line hits="0" number="175"/>
						<line hits="0" number="176"/>
						<line hits="0" number="178"/>
						<line hits="0" number="179"/>
						<line hits="0" number="182"/>
						<line hits="0" number="185"/>
						<line hits="0" number="186"/>
						<line hits="0" number="187"/>
						<line hits="0" number="188"/>
						<line hits="0" number="189"/>
						<line hits="0" number="190"/>
						<line hits="0" number="192"/>
						<line hits="0" number="194"/>
						<line hits="0" number="195"/>
						<line hits="0" number="196"/>
						<line hits="0" number="197"/>
						<line hits="0" number="198"/>
						<line hits="0" number="199"/>
						<line hits="0" number="200"/>
						<line hits="0" number="201"/>
						<line hits="0" number="203"/>
						<line hits="0" number="210"/>
					</lines>
				</class>
			</classes>
		</package>
		<package branch-rate="0" complexity="0" line-rate="0.1513" name=".home.hecc.Documents.python-package.sagar.sagar.toolkit">
			<classes>
				<class branch-rate="0" complexity="0" filename="/home/hecc/Documents/python-package/sagar/sagar/toolkit/__init__.py" line-rate="1" name="__init__.py">
					<methods/>
					<lines/>
				</class>
				<class branch-rate="0" complexity="0" filename="/home/hecc/Documents/python-package/sagar/sagar/toolkit/derivetool.py" line-rate="0.1098" name="derivetool.py">
					<methods/>
					<lines>
						<line hits="1" number="2"/>
						<line hits="1" number="3"/>
						<line hits="1" number="5"/>
						<line hits="1" number="7"/>
						<line hits="0" number="8"/>
						<line hits="0" number="9"/>
						<line hits="0" number="10"/>
						<line hits="0" number="11"/>
						<line hits="0" number="12"/>
						<line hits="1" number="14"/>
						<line hits="0" number="25"/>
						<line hits="0" number="26"/>
						<line hits="0" number="29"/>
						<line hits="0" number="33"/>
						<line hits="0" number="34"/>
						<line hits="0" number="35"/>
						<line hits="0" number="37"/>
						<line hits="0" number="38"/>
						<line hits="0" number="40"/>
						<line hits="0" number="41"/>
						<line hits="0" number="42"/>
						<line hits="0" number="43"/>
						<line hits="0" number="45"/>
						<line hits="0" number="47"/>
						<line hits="0" number="48"/>
						<line hits="0" number="50"/>
						<line hits="0" number="54"/>
						<line hits="0" number="55"/>
						<line hits="1" number="57"/>
						<line hits="0" number="58"/>
						<line hits="0" number="59"/>
						<line hits="0" number="61"/>
						<line hits="0" number="62"/>
						<line hits="0" number="63"/>
						<line hits="0" number="64"/>
						<line hits="0" number="66"/>
						<line hits="1" number="68"/>
						<line hits="0" number="78"/>
						<line hits="0" number="79"/>
						<line hits="0" number="80"/>
						<line hits="0" number="81"/>
						<line hits="0" number="82"/>
						<line hits="0" number="85"/>
						<line hits="0" number="86"/>
						<line hits="0" number="87"/>
						<line hits="0" number="88"/>
						<line hits="0" number="90"/>
						<line hits="0" number="93"/>
						<line hits="0" number="94"/>
						<line hits="0" number="95"/>
						<line hits="0" number="96"/>
						<line hits="1" number="98"/>
						<line hits="0" number="102"/>
						<line hits="1" number="104"/>
						<line hits="0" number="113"/>
						<line hits="0" number="114"/>
						<line hits="0" number="115"/>
						<line hits="0" number="116"/>
						<line hits="0" number="117"/>
						<line hits="0" number="118"/>
						<line hits="0" number="119"/>
						<line hits="0" number="120"/>
						<line hits="0" number="122"/>
						<line hits="0" number="123"/>
						<line hits="0" number="125"/>
						<line hits="0" number="126"/>
						<line hits="0" number="127"/>
						<line hits="0" number="128"/>
						<line hits="0" number="129"/>
						<line hits="0" number="130"/>
						<line hits="0" number="131"/>
						<line hits="0" number="133"/>
						<line hits="0" number="134"/>
						<line hits="0" number="136"/>
						<line hits="0" number="138"/>
						<line hits="0" number="139"/>
						<line hits="0" number="140"/>
						<line hits="0" number="142"/>
						<line hits="0" number="143"/>
						<line hits="0" number="144"/>
						<line hits="0" number="146"/>
						<line hits="0" number="147"/>
					</lines>
				</class>
				<class branch-rate="0" complexity="0" filename="/home/hecc/Documents/python-package/sagar/sagar/toolkit/mathtool.py" line-rate="0.2432" name="mathtool.py">
					<methods/>
					<lines>
						<line hits="1" number="2"/>
						<line hits="1" number="4"/>
						<line hits="1" number="5"/>
						<line hits="1" number="7"/>
						<line hits="0" number="8"/>
						<line hits="1" number="11"/>
						<line hits="0" number="15"/>
						<line hits="0" number="16"/>
						<line hits="0" number="17"/>
						<line hits="0" number="18"/>
						<line hits="0" number="20"/>
						<line hits="0" number="21"/>
						<line hits="1" number="24"/>
						<line hits="0" number="35"/>
						<line hits="0" number="36"/>
						<line hits="0" number="37"/>
						<line hits="0" number="38"/>
						<line hits="0" number="40"/>
						<line hits="0" number="41"/>
						<line hits="0" number="42"/>
						<line hits="1" number="44"/>
						<line hits="0" number="45"/>
						<line hits="0" number="46"/>
						<line hits="0" number="47"/>
						<line hits="0" number="48"/>
						<line hits="0" number="49"/>
						<line hits="0" number="51"/>
						<line hits="0" number="52"/>
						<line hits="0" number="53"/>
						<line hits="1" number="56"/>
						<line hits="0" number="58"/>
						<line hits="0" number="59"/>
						<line hits="1" number="61"/>
						<line hits="0" number="68"/>
						<line hits="0" number="69"/>
						<line hits="0" number="70"/>
						<line hits="0" number="71"/>
					</lines>
				</class>
			</classes>
		</package>
		<package branch-rate="0" complexity="0" line-rate="0.1774" name=".home.hecc.Documents.python-package.seekpath.seekpath">
			<classes>
				<class branch-rate="0" complexity="0" filename="/home/hecc/Documents/python-package/seekpath/seekpath/__init__.py" line-rate="1" name="__init__.py">
					<methods/>
					<lines>
						<line hits="1" number="10"/>
						<line hits="1" number="11"/>
						<line hits="1" number="12"/>
						<line hits="1" number="13"/>
						<line hits="1" number="14"/>
						<line hits="1" number="15"/>
						<line hits="1" number="17"/>
					</lines>
				</class>
				<class branch-rate="0" complexity="0" filename="/home/hecc/Documents/python-package/seekpath/seekpath/getpaths.py" line-rate="0.07273" name="getpaths.py">
					<methods/>
					<lines>
						<line hits="1" number="4"/>
						<line hits="1" number="7"/>
						<line hits="0" number="20"/>
						<line hits="0" number="22"/>
						<line hits="0" number="24"/>
						<line hits="0" number="25"/>
						<line hits="0" number="26"/>
						<line hits="0" number="27"/>
						<line hits="0" number="28"/>
						<line hits="0" number="29"/>
						<line hits="0" number="30"/>
						<line hits="0" number="31"/>
						<line hits="0" number="32"/>
						<line hits="0" number="34"/>
						<line hits="0" number="36"/>
						<line hits="0" number="37"/>
						<line hits="0" number="38"/>
						<line hits="0" number="39"/>
						<line hits="0" number="40"/>
						<line hits="0" number="43"/>
						<line hits="0" number="44"/>
						<line hits="0" number="45"/>
						<line hits="0" number="46"/>
						<line hits="0" number="47"/>
						<line hits="0" number="49"/>
						<line hits="0" number="51"/>
						<line hits="0" number="52"/>
						<line hits="0" number="53"/>
						<line hits="0" number="54"/>
						<line hits="0" number="56"/>
						<line hits="0" number="57"/>
						<line hits="0" number="59"/>
						<line hits="0" number="60"/>
						<line hits="0" number="61"/>
						<line hits="0" number="63"/>
						<line hits="0" number="64"/>
						<line hits="0" number="65"/>
						<line hits="0" number="66"/>
						<line hits="0" number="68"/>
						<line hits="0" number="70"/>
						<line hits="1" number="73"/>
						<line hits="0" number="171"/>
						<line hits="0" number="172"/>
						<line hits="0" number="173"/>
						<line hits="0" number="181"/>
						<line hits="0" number="183"/>
						<line hits="1" number="186"/>
						<line hits="0" number="293"/>
						<line hits="0" number="294"/>
						<line hits="0" number="295"/>
						<line hits="0" number="303"/>
						<line hits="0" number="306"/>
						<line hits="0" number="308"/>
						<line hits="0" number="309"/>
						<line hits="0" number="310"/>
					</lines>
				</class>
			</classes>
		</package>
	</packages>
</coverage>
